2016 12 21 19:52:45.546		<?xml version="1.0" encoding="UTF-8"?>
<config>
	<NEBULA_VIP showname="Hive集群虚拟IP">172.16.168.205</NEBULA_VIP>
	<LOCAL_IP showname="本机IP">172.16.173.16</LOCAL_IP>
	<LOCAL_HOSTNAME showname="本机名">hivenode1</LOCAL_HOSTNAME>
	<DOMAIN_NAME showname="Hive域名">hive.sobey.com</DOMAIN_NAME>
	<HIVE_NODES showname="Hive集群列表">hivenode1;hivenode2;hivenode3</HIVE_NODES>
	<AKSERVER_IP showname="AK服务器地址">172.16.128.136</AKSERVER_IP>
	<ACTOR_NODES showname="后台执行器节点">172.16.173.16;172.16.134.238;172.16.134.248</ACTOR_NODES>
  <PREVIEWPORT>86</PREVIEWPORT>
  <NEBULAPORT>88</NEBULAPORT>
  <CMAPIPORT>9023</CMAPIPORT>
  <CMWEBPORT>9021</CMWEBPORT>
  <JOVEPORT>9027</JOVEPORT>
  <CMSERVERWINPORT>9037</CMSERVERWINPORT>
  <PLAYOUTPORT>9035</PLAYOUTPORT>
</config>

2016 12 21 19:54:01.568		start... = SocketServer, userToken = bd5c23e46ed7e288c30a7a8e1670a46e ,_system = WEBCM
2016 12 21 19:54:01.570		url = http://172.16.168.205:9023/CMApi/api/basic/config/getsysparam?usertoken=bd5c23e46ed7e288c30a7a8e1670a46e,upload data = {"system":"WEBCM","tool":"DEFAULT","paramname":"SocketServer"}
2016 12 21 19:54:01.649		return data = {
  "code": "0",
  "ext": {
    "paramname": "SocketServer",
    "paramvalue": "ws://172.16.134.20:3130",
    "paramdescription": "CMServer-windows ip address"
  }
}
2016 12 21 19:54:01.654		start... = InstalledFontCollection, userToken = bd5c23e46ed7e288c30a7a8e1670a46e ,_system = JOVE
2016 12 21 19:54:01.655		url = http://172.16.168.205:9023/CMApi/api/basic/config/getsysparam?usertoken=bd5c23e46ed7e288c30a7a8e1670a46e,upload data = {"system":"JOVE","tool":"DEFAULT","paramname":"InstalledFontCollection"}
2016 12 21 19:54:01.715		return data = {
  "code": "0",
  "ext": {
    "paramname": "InstalledFontCollection",
    "paramvalue": "Aharoni;Andalus;Angsana New;AngsanaUPC;Aparajita;Arabic Typesetting;Arial;Arial Black;Batang;BatangChe;Browallia New;BrowalliaUPC;Calibri;Cambria;Cambria Math;Candara;Comic Sans MS;Consolas;Constantia;Corbel;Cordia New;CordiaUPC;Courier New;DaunPenh;David;DFKai-SB;DilleniaUPC;DokChampa;Dotum;DotumChe;Ebrima;Estrangelo Edessa;EucrosiaUPC;Euphemia;FangSong;Franklin Gothic Medium;FrankRuehl;FreesiaUPC;Gabriola;Gautami;Georgia;Gisha;Gulim;GulimChe;Gungsuh;GungsuhChe;Impact;IrisUPC;Iskoola Pota;JasmineUPC;KaiTi;Kalinga;Kartika;Khmer UI;KodchiangUPC;Kokila;Lao UI;Latha;Leelawadee;Levenim MT;LilyUPC;Lucida Console;Lucida Sans Unicode;Malgun Gothic;Mangal;Marlett;Meiryo;Meiryo UI;Microsoft Himalaya;Microsoft JhengHei;Microsoft New Tai Lue;Microsoft PhagsPa;Microsoft Sans Serif;Microsoft Tai Le;Microsoft Uighur;Microsoft YaHei;Microsoft Yi Baiti;MingLiU;MingLiU-ExtB;MingLiU_HKSCS;MingLiU_HKSCS-ExtB;Miriam;Miriam Fixed;Mongolian Baiti;MoolBoran;MS Gothic;MS Mincho;MS PGothic;MS PMincho;MS UI Gothic;MV Boli;Narkisim;NSimSun;Nyala;Palatino Linotype;Plantagenet Cherokee;PMingLiU;PMingLiU-ExtB;Raavi;Rod;Sakkal Majalla;Segoe Print;Segoe Script;Segoe UI;Segoe UI Light;Segoe UI Semibold;Segoe UI Symbol;Shonar Bangla;Shruti;SimHei;Simplified Arabic;Simplified Arabic Fixed;SimSun;SimSun-ExtB;Sylfaen;Symbol;Tahoma;Times New Roman;Traditional Arabic;Trebuchet MS;Tunga;Utsaah;Vani;Verdana;Vijaya;Vrinda;Webdings;Wingdings;Yle Bd;Yle Bl;Yle Condensed Bd;Yle Condensed Bl;Yle Condensed Li;Yle Condensed Md;Yle Condensed Rg;Yle Condensed Th;Yle Li;Yle Md;Yle Rg;Yle Th",
    "paramdescription": "System Installed Font Collection"
  }
}
2016 12 21 19:54:01.720		start... = ET_LANGUAGE, userToken = bd5c23e46ed7e288c30a7a8e1670a46e ,_system = MATERIALLIST
2016 12 21 19:54:01.721		url = http://172.16.168.205:9023/CMApi/api/basic/config/getsysparam?usertoken=bd5c23e46ed7e288c30a7a8e1670a46e,upload data = {"system":"MATERIALLIST","tool":"DEFAULT","paramname":"ET_LANGUAGE"}
2016 12 21 19:54:01.780		return data = {
  "code": "0",
  "ext": {
    "paramname": "ET_LANGUAGE",
    "paramvalue": "en",
    "paramdescription": ""
  }
}
2016 12 21 19:54:01.784		start... = transCodeTemplate, userToken = bd5c23e46ed7e288c30a7a8e1670a46e ,_system = JOVE
2016 12 21 19:54:01.785		url = http://172.16.168.205:9023/CMApi/api/basic/config/getsysparam?usertoken=bd5c23e46ed7e288c30a7a8e1670a46e,upload data = {"system":"JOVE","tool":"DEFAULT","paramname":"transCodeTemplate"}
2016 12 21 19:54:01.871		return data = {
  "code": "1",
  "msg": "hiveerror: not found 404,result：{\"code\":\"SYSTEM_ERROR_KEY_DOESNT_EXISTS\",\"message\":\"Parameter \\\"transCodeTemplate\\\" does not exists in application \\\"DEFAULT\\\"\",\"status\":404}"
}
2016 12 21 19:54:36.458		start... = HivevideoStandard, userToken = bd5c23e46ed7e288c30a7a8e1670a46e ,_system = JOVE
2016 12 21 19:54:36.464		url = http://172.16.168.205:9023/CMApi/api/basic/config/getsysparam?usertoken=bd5c23e46ed7e288c30a7a8e1670a46e,upload data = {"system":"JOVE","tool":"DEFAULT","paramname":"HivevideoStandard"}
2016 12 21 19:54:36.538		return data = {
  "code": "0",
  "ext": {
    "paramname": "HivevideoStandard",
    "paramvalue": "ET_VideoStandard_1920_1080_50i",
    "paramdescription": "Sequence Video Standard for Nova"
  }
}
2016 12 21 20:01:13.895		start... = transCodeTemplate, userToken = bd5c23e46ed7e288c30a7a8e1670a46e ,_system = JOVE
2016 12 21 20:01:13.897		url = http://172.16.168.205:9023/CMApi/api/basic/config/getsysparam?usertoken=bd5c23e46ed7e288c30a7a8e1670a46e,upload data = {"system":"JOVE","tool":"DEFAULT","paramname":"transCodeTemplate"}
2016 12 21 20:01:14.105		return data = {
  "code": "1",
  "msg": "hiveerror: not found 404,result：{\"code\":\"SYSTEM_ERROR_KEY_DOESNT_EXISTS\",\"message\":\"系统“DEFAULT”的参数“transCodeTemplate”不存在\",\"status\":404}"
}
2016 12 21 20:11:05.880		start... = transCodeTemplate, userToken = bd5c23e46ed7e288c30a7a8e1670a46e ,_system = JOVE
2016 12 21 20:11:05.880		url = http://172.16.168.205:9023/CMApi/api/basic/config/getsysparam?usertoken=bd5c23e46ed7e288c30a7a8e1670a46e,upload data = {"system":"JOVE","tool":"DEFAULT","paramname":"transCodeTemplate"}
2016 12 21 20:11:05.991		return data = {
  "code": "1",
  "msg": "hiveerror: not found 404,result：{\"code\":\"SYSTEM_ERROR_KEY_DOESNT_EXISTS\",\"message\":\"系统“DEFAULT”的参数“transCodeTemplate”不存在\",\"status\":404}"
}
2016 12 21 20:11:53.589		start... = transCodeTemplate, userToken = bd5c23e46ed7e288c30a7a8e1670a46e ,_system = JOVE
2016 12 21 20:11:53.593		url = http://172.16.168.205:9023/CMApi/api/basic/config/getsysparam?usertoken=bd5c23e46ed7e288c30a7a8e1670a46e,upload data = {"system":"JOVE","tool":"DEFAULT","paramname":"transCodeTemplate"}
2016 12 21 20:11:53.746		return data = {
  "code": "1",
  "msg": "hiveerror: not found 404,result：{\"code\":\"SYSTEM_ERROR_KEY_DOESNT_EXISTS\",\"message\":\"Parameter \\\"transCodeTemplate\\\" does not exists in application \\\"DEFAULT\\\"\",\"status\":404}"
}
2016 12 21 20:17:00.480		start... = transCodeTemplate, userToken = bd5c23e46ed7e288c30a7a8e1670a46e ,_system = JOVE
2016 12 21 20:17:00.482		url = http://172.16.168.205:9023/CMApi/api/basic/config/getsysparam?usertoken=bd5c23e46ed7e288c30a7a8e1670a46e,upload data = {"system":"JOVE","tool":"DEFAULT","paramname":"transCodeTemplate"}
2016 12 21 20:17:00.544		return data = {
  "code": "1",
  "msg": "hiveerror: not found 404,result：{\"code\":\"SYSTEM_ERROR_KEY_DOESNT_EXISTS\",\"message\":\"Parameter \\\"transCodeTemplate\\\" does not exists in application \\\"DEFAULT\\\"\",\"status\":404}"
}
2016 12 21 20:21:00.141		start... = transCodeTemplate, userToken = bd5c23e46ed7e288c30a7a8e1670a46e ,_system = JOVE
2016 12 21 20:21:00.143		url = http://172.16.168.205:9023/CMApi/api/basic/config/getsysparam?usertoken=bd5c23e46ed7e288c30a7a8e1670a46e,upload data = {"system":"JOVE","tool":"DEFAULT","paramname":"transCodeTemplate"}
2016 12 21 20:21:00.200		return data = {
  "code": "1",
  "msg": "hiveerror: not found 404,result：{\"code\":\"SYSTEM_ERROR_KEY_DOESNT_EXISTS\",\"message\":\"Parameter \\\"transCodeTemplate\\\" does not exists in application \\\"DEFAULT\\\"\",\"status\":404}"
}
2016 12 21 20:23:44.172		start... = transCodeTemplate, userToken = bd5c23e46ed7e288c30a7a8e1670a46e ,_system = JOVE
2016 12 21 20:23:44.173		url = http://172.16.168.205:9023/CMApi/api/basic/config/getsysparam?usertoken=bd5c23e46ed7e288c30a7a8e1670a46e,upload data = {"system":"JOVE","tool":"DEFAULT","paramname":"transCodeTemplate"}
2016 12 21 20:23:44.353		return data = {
  "code": "1",
  "msg": "hiveerror: not found 404,result：{\"code\":\"SYSTEM_ERROR_KEY_DOESNT_EXISTS\",\"message\":\"Parameter \\\"transCodeTemplate\\\" does not exists in application \\\"DEFAULT\\\"\",\"status\":404}"
}
2016 12 21 20:32:16.706		start... = transCodeTemplate, userToken = bd5c23e46ed7e288c30a7a8e1670a46e ,_system = JOVE
2016 12 21 20:32:16.708		url = http://172.16.168.205:9023/CMApi/api/basic/config/getsysparam?usertoken=bd5c23e46ed7e288c30a7a8e1670a46e,upload data = {"system":"JOVE","tool":"DEFAULT","paramname":"transCodeTemplate"}
2016 12 21 20:32:16.874		return data = {
  "code": "1",
  "msg": "hiveerror: not found 404,result：{\"code\":\"SYSTEM_ERROR_KEY_DOESNT_EXISTS\",\"message\":\"Parameter \\\"transCodeTemplate\\\" does not exists in application \\\"DEFAULT\\\"\",\"status\":404}"
}
2016 12 21 20:32:58.415		start... = transCodeTemplate, userToken = bd5c23e46ed7e288c30a7a8e1670a46e ,_system = JOVE
2016 12 21 20:32:58.415		url = http://172.16.168.205:9023/CMApi/api/basic/config/getsysparam?usertoken=bd5c23e46ed7e288c30a7a8e1670a46e,upload data = {"system":"JOVE","tool":"DEFAULT","paramname":"transCodeTemplate"}
2016 12 21 20:32:58.590		return data = {
  "code": "1",
  "msg": "hiveerror: not found 404,result：{\"code\":\"SYSTEM_ERROR_KEY_DOESNT_EXISTS\",\"message\":\"系统“DEFAULT”的参数“transCodeTemplate”不存在\",\"status\":404}"
}
2016 12 21 20:34:19.037		start... = transCodeTemplate, userToken = bd5c23e46ed7e288c30a7a8e1670a46e ,_system = JOVE
2016 12 21 20:34:19.038		url = http://172.16.168.205:9023/CMApi/api/basic/config/getsysparam?usertoken=bd5c23e46ed7e288c30a7a8e1670a46e,upload data = {"system":"JOVE","tool":"DEFAULT","paramname":"transCodeTemplate"}
2016 12 21 20:34:19.104		return data = {
  "code": "1",
  "msg": "hiveerror: not found 404,result：{\"code\":\"SYSTEM_ERROR_KEY_DOESNT_EXISTS\",\"message\":\"系统“DEFAULT”的参数“transCodeTemplate”不存在\",\"status\":404}"
}
2016 12 21 20:35:23.903		start... = transCodeTemplate, userToken = bd5c23e46ed7e288c30a7a8e1670a46e ,_system = JOVE
2016 12 21 20:35:23.905		url = http://172.16.168.205:9023/CMApi/api/basic/config/getsysparam?usertoken=bd5c23e46ed7e288c30a7a8e1670a46e,upload data = {"system":"JOVE","tool":"DEFAULT","paramname":"transCodeTemplate"}
2016 12 21 20:35:23.967		return data = {
  "code": "1",
  "msg": "hiveerror: not found 404,result：{\"code\":\"SYSTEM_ERROR_KEY_DOESNT_EXISTS\",\"message\":\"Parameter \\\"transCodeTemplate\\\" does not exists in application \\\"DEFAULT\\\"\",\"status\":404}"
}
2016 12 21 20:38:04.494		start... = transCodeTemplate, userToken = bd5c23e46ed7e288c30a7a8e1670a46e ,_system = JOVE
2016 12 21 20:38:04.495		url = http://172.16.168.205:9023/CMApi/api/basic/config/getsysparam?usertoken=bd5c23e46ed7e288c30a7a8e1670a46e,upload data = {"system":"JOVE","tool":"DEFAULT","paramname":"transCodeTemplate"}
2016 12 21 20:38:04.560		return data = {
  "code": "1",
  "msg": "hiveerror: not found 404,result：{\"code\":\"SYSTEM_ERROR_KEY_DOESNT_EXISTS\",\"message\":\"Parameter \\\"transCodeTemplate\\\" does not exists in application \\\"DEFAULT\\\"\",\"status\":404}"
}
