2017 01 11 12:18:49.731		<?xml version="1.0" encoding="UTF-8"?>
<config>
	<NEBULA_VIP showname="Hive集群虚拟IP">172.16.168.205</NEBULA_VIP>
	<LOCAL_IP showname="本机IP">172.16.173.16</LOCAL_IP>
	<LOCAL_HOSTNAME showname="本机名">hivenode1</LOCAL_HOSTNAME>
	<DOMAIN_NAME showname="Hive域名">hive.sobey.com</DOMAIN_NAME>
	<HIVE_NODES showname="Hive集群列表">hivenode1;hivenode2;hivenode3</HIVE_NODES>
	<AKSERVER_IP showname="AK服务器地址">172.16.128.136</AKSERVER_IP>
	<ACTOR_NODES showname="后台执行器节点">172.16.173.16;172.16.134.238;172.16.134.248</ACTOR_NODES>
  <PREVIEWPORT>86</PREVIEWPORT>
  <NEBULAPORT>88</NEBULAPORT>
  <CMAPIPORT>9023</CMAPIPORT>
  <CMWEBPORT>9021</CMWEBPORT>
  <JOVEPORT>9027</JOVEPORT>
  <CMSERVERWINPORT>9037</CMSERVERWINPORT>
  <PLAYOUTPORT>9035</PLAYOUTPORT>
</config>

2017 01 11 12:19:32.747		start... = HivevideoStandard, userToken = db9c1feb0d8ce83dd58ab5253c9694b2 ,_system = JOVE
2017 01 11 12:19:32.749		url = http://172.16.168.205:9023/CMApi/api/basic/config/getsysparam?usertoken=db9c1feb0d8ce83dd58ab5253c9694b2,upload data = {"system":"JOVE","tool":"DEFAULT","paramname":"HivevideoStandard"}
2017 01 11 12:19:32.825		return data = {
  "code": "0",
  "ext": {
    "paramname": "HivevideoStandard",
    "paramvalue": "ET_VideoStandard_1920_1080_50i",
    "paramdescription": "Sequence Video Standard for Nova"
  }
}
2017 01 11 12:20:15.269		start... = HivevideoStandard, userToken = db9c1feb0d8ce83dd58ab5253c9694b2 ,_system = JOVE
2017 01 11 12:20:15.271		url = http://172.16.168.205:9023/CMApi/api/basic/config/getsysparam?usertoken=db9c1feb0d8ce83dd58ab5253c9694b2,upload data = {"system":"JOVE","tool":"DEFAULT","paramname":"HivevideoStandard"}
2017 01 11 12:20:15.331		return data = {
  "code": "0",
  "ext": {
    "paramname": "HivevideoStandard",
    "paramvalue": "ET_VideoStandard_1920_1080_50i",
    "paramdescription": "Sequence Video Standard for Nova"
  }
}
2017 01 11 15:02:26.852		start... = SocketServer, userToken = db9c1feb0d8ce83dd58ab5253c9694b2 ,_system = WEBCM
2017 01 11 15:02:26.854		url = http://172.16.168.205:9023/CMApi/api/basic/config/getsysparam?usertoken=db9c1feb0d8ce83dd58ab5253c9694b2,upload data = {"system":"WEBCM","tool":"DEFAULT","paramname":"SocketServer"}
2017 01 11 15:02:27.004		return data = {
  "code": "0",
  "ext": {
    "paramname": "SocketServer",
    "paramvalue": "ws://172.16.134.20:3130",
    "paramdescription": "CMServer-windows ip address"
  }
}
2017 01 11 15:02:27.196		start... = InstalledFontCollection, userToken = db9c1feb0d8ce83dd58ab5253c9694b2 ,_system = JOVE
2017 01 11 15:02:27.196		url = http://172.16.168.205:9023/CMApi/api/basic/config/getsysparam?usertoken=db9c1feb0d8ce83dd58ab5253c9694b2,upload data = {"system":"JOVE","tool":"DEFAULT","paramname":"InstalledFontCollection"}
2017 01 11 15:02:27.254		return data = {
  "code": "0",
  "ext": {
    "paramname": "InstalledFontCollection",
    "paramvalue": "Aharoni;Andalus;Angsana New;AngsanaUPC;Aparajita;Arabic Typesetting;Arial;Arial Black;Batang;BatangChe;Browallia New;BrowalliaUPC;Calibri;Cambria;Cambria Math;Candara;Comic Sans MS;Consolas;Constantia;Corbel;Cordia New;CordiaUPC;Courier New;DaunPenh;David;DFKai-SB;DilleniaUPC;DokChampa;Dotum;DotumChe;Ebrima;Estrangelo Edessa;EucrosiaUPC;Euphemia;FangSong;Franklin Gothic Medium;FrankRuehl;FreesiaUPC;Gabriola;Gautami;Georgia;Gisha;Gulim;GulimChe;Gungsuh;GungsuhChe;Impact;IrisUPC;Iskoola Pota;JasmineUPC;KaiTi;Kalinga;Kartika;Khmer UI;KodchiangUPC;Kokila;Lao UI;Latha;Leelawadee;Levenim MT;LilyUPC;Lucida Console;Lucida Sans Unicode;Malgun Gothic;Mangal;Marlett;Meiryo;Meiryo UI;Microsoft Himalaya;Microsoft JhengHei;Microsoft New Tai Lue;Microsoft PhagsPa;Microsoft Sans Serif;Microsoft Tai Le;Microsoft Uighur;Microsoft YaHei;Microsoft Yi Baiti;MingLiU;MingLiU-ExtB;MingLiU_HKSCS;MingLiU_HKSCS-ExtB;Miriam;Miriam Fixed;Mongolian Baiti;MoolBoran;MS Gothic;MS Mincho;MS PGothic;MS PMincho;MS UI Gothic;MV Boli;Narkisim;NSimSun;Nyala;Palatino Linotype;Plantagenet Cherokee;PMingLiU;PMingLiU-ExtB;Raavi;Rod;Sakkal Majalla;Segoe Print;Segoe Script;Segoe UI;Segoe UI Light;Segoe UI Semibold;Segoe UI Symbol;Shonar Bangla;Shruti;SimHei;Simplified Arabic;Simplified Arabic Fixed;SimSun;SimSun-ExtB;Sylfaen;Symbol;Tahoma;Times New Roman;Traditional Arabic;Trebuchet MS;Tunga;Utsaah;Vani;Verdana;Vijaya;Vrinda;Webdings;Wingdings;Yle Bd;Yle Bl;Yle Condensed Bd;Yle Condensed Bl;Yle Condensed Li;Yle Condensed Md;Yle Condensed Rg;Yle Condensed Th;Yle Li;Yle Md;Yle Rg;Yle Th",
    "paramdescription": "System Installed Font Collection"
  }
}
2017 01 11 15:02:27.445		start... = ET_LANGUAGE, userToken = db9c1feb0d8ce83dd58ab5253c9694b2 ,_system = MATERIALLIST
2017 01 11 15:02:27.445		url = http://172.16.168.205:9023/CMApi/api/basic/config/getsysparam?usertoken=db9c1feb0d8ce83dd58ab5253c9694b2,upload data = {"system":"MATERIALLIST","tool":"DEFAULT","paramname":"ET_LANGUAGE"}
2017 01 11 15:02:27.512		return data = {
  "code": "0",
  "ext": {
    "paramname": "ET_LANGUAGE",
    "paramvalue": "en",
    "paramdescription": ""
  }
}
2017 01 11 15:02:27.731		start... = transCodeTemplate, userToken = db9c1feb0d8ce83dd58ab5253c9694b2 ,_system = JOVE
2017 01 11 15:02:27.731		url = http://172.16.168.205:9023/CMApi/api/basic/config/getsysparam?usertoken=db9c1feb0d8ce83dd58ab5253c9694b2,upload data = {"system":"JOVE","tool":"DEFAULT","paramname":"transCodeTemplate"}
2017 01 11 15:02:27.795		return data = {
  "code": "1",
  "msg": "hiveerror: not found 404,result：{\"code\":\"SYSTEM_ERROR_KEY_DOESNT_EXISTS\",\"message\":\"Parameter \\\"transCodeTemplate\\\" does not exists in application \\\"DEFAULT\\\"\",\"status\":404}"
}
2017 01 11 15:02:27.942		start... = PreSNSPublishPath, userToken = db9c1feb0d8ce83dd58ab5253c9694b2 ,_system = JOVE
2017 01 11 15:02:27.943		url = http://172.16.168.205:9023/CMApi/api/basic/config/getsysparam?usertoken=db9c1feb0d8ce83dd58ab5253c9694b2,upload data = {"system":"JOVE","tool":"DEFAULT","paramname":"PreSNSPublishPath"}
2017 01 11 15:02:27.983		return data = {
  "code": "1",
  "msg": "hiveerror:{\"code\":\"ES4010002\",\"message\":\"拒绝访问,系统尚未注册或传入的系统名称有误!\",\"status\":401}"
}
2017 01 11 15:02:28.112		start... = snsTransCodeType, userToken = db9c1feb0d8ce83dd58ab5253c9694b2 ,_system = JOVE
2017 01 11 15:02:28.114		url = http://172.16.168.205:9023/CMApi/api/basic/config/getsysparam?usertoken=db9c1feb0d8ce83dd58ab5253c9694b2,upload data = {"system":"JOVE","tool":"DEFAULT","paramname":"snsTransCodeType"}
2017 01 11 15:02:28.149		return data = {
  "code": "1",
  "msg": "hiveerror:{\"code\":\"ES4010002\",\"message\":\"拒绝访问,系统尚未注册或传入的系统名称有误!\",\"status\":401}"
}
