2016 12 19 17:25:04.824		<?xml version="1.0" encoding="UTF-8"?>
<config>
	<NEBULA_VIP showname="Hive集群虚拟IP">172.16.168.205</NEBULA_VIP>
	<LOCAL_IP showname="本机IP">172.16.173.16</LOCAL_IP>
	<LOCAL_HOSTNAME showname="本机名">hivenode1</LOCAL_HOSTNAME>
	<DOMAIN_NAME showname="Hive域名">hive.sobey.com</DOMAIN_NAME>
	<HIVE_NODES showname="Hive集群列表">hivenode1;hivenode2;hivenode3</HIVE_NODES>
	<AKSERVER_IP showname="AK服务器地址">172.16.128.136</AKSERVER_IP>
	<ACTOR_NODES showname="后台执行器节点">172.16.173.16;172.16.134.238;172.16.134.248</ACTOR_NODES>
  <PREVIEWPORT>86</PREVIEWPORT>
  <NEBULAPORT>88</NEBULAPORT>
  <CMAPIPORT>9023</CMAPIPORT>
  <CMWEBPORT>9021</CMWEBPORT>
  <JOVEPORT>9027</JOVEPORT>
  <CMSERVERWINPORT>9037</CMSERVERWINPORT>
  <PLAYOUTPORT>9035</PLAYOUTPORT>
</config>

2016 12 19 17:25:10.001		start... = SocketServer, userToken = bd5c23e46ed7e288c30a7a8e1670a46e ,_system = WEBCM
2016 12 19 17:25:10.011		url = http://172.16.168.205:9023/CMApi/api/basic/config/getsysparam?usertoken=bd5c23e46ed7e288c30a7a8e1670a46e,upload data = {"system":"WEBCM","tool":"DEFAULT","paramname":"SocketServer"}
2016 12 19 17:25:10.160		return data = {
  "code": "0",
  "ext": {
    "paramname": "SocketServer",
    "paramvalue": "ws://172.16.172.11:3130",
    "paramdescription": "CMServer-windows ip address"
  }
}
2016 12 19 17:25:10.323		start... = InstalledFontCollection, userToken = bd5c23e46ed7e288c30a7a8e1670a46e ,_system = JOVE
2016 12 19 17:25:10.324		url = http://172.16.168.205:9023/CMApi/api/basic/config/getsysparam?usertoken=bd5c23e46ed7e288c30a7a8e1670a46e,upload data = {"system":"JOVE","tool":"DEFAULT","paramname":"InstalledFontCollection"}
2016 12 19 17:25:10.392		return data = {
  "code": "0",
  "ext": {
    "paramname": "InstalledFontCollection",
    "paramvalue": "Aharoni;Andalus;Angsana New;AngsanaUPC;Aparajita;Arabic Typesetting;Arial;Arial Black;Batang;BatangChe;Browallia New;BrowalliaUPC;Calibri;Cambria;Cambria Math;Candara;Comic Sans MS;Consolas;Constantia;Corbel;Cordia New;CordiaUPC;Courier New;DaunPenh;David;DFKai-SB;DilleniaUPC;DokChampa;Dotum;DotumChe;Ebrima;Estrangelo Edessa;EucrosiaUPC;Euphemia;FangSong;Franklin Gothic Medium;FrankRuehl;FreesiaUPC;Gabriola;Gautami;Georgia;Gisha;Gulim;GulimChe;Gungsuh;GungsuhChe;Impact;IrisUPC;Iskoola Pota;JasmineUPC;KaiTi;Kalinga;Kartika;Khmer UI;KodchiangUPC;Kokila;Lao UI;Latha;Leelawadee;Levenim MT;LilyUPC;Lucida Console;Lucida Sans Unicode;Malgun Gothic;Mangal;Marlett;Meiryo;Meiryo UI;Microsoft Himalaya;Microsoft JhengHei;Microsoft New Tai Lue;Microsoft PhagsPa;Microsoft Sans Serif;Microsoft Tai Le;Microsoft Uighur;Microsoft YaHei;Microsoft Yi Baiti;MingLiU;MingLiU-ExtB;MingLiU_HKSCS;MingLiU_HKSCS-ExtB;Miriam;Miriam Fixed;Mongolian Baiti;MoolBoran;MS Gothic;MS Mincho;MS PGothic;MS PMincho;MS UI Gothic;MV Boli;Narkisim;NSimSun;Nyala;Palatino Linotype;Plantagenet Cherokee;PMingLiU;PMingLiU-ExtB;Raavi;Rod;Sakkal Majalla;Segoe Print;Segoe Script;Segoe UI;Segoe UI Light;Segoe UI Semibold;Segoe UI Symbol;Shonar Bangla;Shruti;SimHei;Simplified Arabic;Simplified Arabic Fixed;SimSun;SimSun-ExtB;Sylfaen;Symbol;Tahoma;Times New Roman;Traditional Arabic;Trebuchet MS;Tunga;Utsaah;Vani;Verdana;Vijaya;Vrinda;Webdings;Wingdings;Yle Bd;Yle Bl;Yle Condensed Bd;Yle Condensed Bl;Yle Condensed Li;Yle Condensed Md;Yle Condensed Rg;Yle Condensed Th;Yle Li;Yle Md;Yle Rg;Yle Th",
    "paramdescription": "System Installed Font Collection"
  }
}
2016 12 19 17:25:10.546		start... = ET_LANGUAGE, userToken = bd5c23e46ed7e288c30a7a8e1670a46e ,_system = MATERIALLIST
2016 12 19 17:25:10.547		url = http://172.16.168.205:9023/CMApi/api/basic/config/getsysparam?usertoken=bd5c23e46ed7e288c30a7a8e1670a46e,upload data = {"system":"MATERIALLIST","tool":"DEFAULT","paramname":"ET_LANGUAGE"}
2016 12 19 17:25:10.641		return data = {
  "code": "0",
  "ext": {
    "paramname": "ET_LANGUAGE",
    "paramvalue": "en",
    "paramdescription": ""
  }
}
2016 12 19 17:25:10.893		start... = transCodeTemplate, userToken = bd5c23e46ed7e288c30a7a8e1670a46e ,_system = JOVE
2016 12 19 17:25:10.893		url = http://172.16.168.205:9023/CMApi/api/basic/config/getsysparam?usertoken=bd5c23e46ed7e288c30a7a8e1670a46e,upload data = {"system":"JOVE","tool":"DEFAULT","paramname":"transCodeTemplate"}
2016 12 19 17:25:10.946		return data = {
  "code": "1",
  "msg": "hiveerror: not found 404,result：{\"code\":\"SYSTEM_ERROR_KEY_DOESNT_EXISTS\",\"message\":\"Parameter \\\"transCodeTemplate\\\" does not exists in application \\\"DEFAULT\\\"\",\"status\":404}"
}
2016 12 19 17:28:34.710		start... = transCodeTemplate, userToken = bd5c23e46ed7e288c30a7a8e1670a46e ,_system = JOVE
2016 12 19 17:28:34.715		url = http://172.16.168.205:9023/CMApi/api/basic/config/getsysparam?usertoken=bd5c23e46ed7e288c30a7a8e1670a46e,upload data = {"system":"JOVE","tool":"DEFAULT","paramname":"transCodeTemplate"}
2016 12 19 17:28:35.213		return data = {
  "code": "1",
  "msg": "hiveerror: not found 404,result：{\"code\":\"SYSTEM_ERROR_KEY_DOESNT_EXISTS\",\"message\":\"Parameter \\\"transCodeTemplate\\\" does not exists in application \\\"DEFAULT\\\"\",\"status\":404}"
}
2016 12 19 17:30:21.555		start... = transCodeTemplate, userToken = bd5c23e46ed7e288c30a7a8e1670a46e ,_system = JOVE
2016 12 19 17:30:21.557		url = http://172.16.168.205:9023/CMApi/api/basic/config/getsysparam?usertoken=bd5c23e46ed7e288c30a7a8e1670a46e,upload data = {"system":"JOVE","tool":"DEFAULT","paramname":"transCodeTemplate"}
2016 12 19 17:30:21.842		return data = {
  "code": "1",
  "msg": "hiveerror: not found 404,result：{\"code\":\"SYSTEM_ERROR_KEY_DOESNT_EXISTS\",\"message\":\"系统“DEFAULT”的参数“transCodeTemplate”不存在\",\"status\":404}"
}
2016 12 19 17:31:07.381		start... = transCodeTemplate, userToken = bd5c23e46ed7e288c30a7a8e1670a46e ,_system = JOVE
2016 12 19 17:31:07.382		url = http://172.16.168.205:9023/CMApi/api/basic/config/getsysparam?usertoken=bd5c23e46ed7e288c30a7a8e1670a46e,upload data = {"system":"JOVE","tool":"DEFAULT","paramname":"transCodeTemplate"}
2016 12 19 17:31:07.454		return data = {
  "code": "1",
  "msg": "hiveerror: not found 404,result：{\"code\":\"SYSTEM_ERROR_KEY_DOESNT_EXISTS\",\"message\":\"Parameter \\\"transCodeTemplate\\\" does not exists in application \\\"DEFAULT\\\"\",\"status\":404}"
}
2016 12 19 17:58:05.913		start... = transCodeTemplate, userToken = bd5c23e46ed7e288c30a7a8e1670a46e ,_system = JOVE
2016 12 19 17:58:05.914		url = http://172.16.168.205:9023/CMApi/api/basic/config/getsysparam?usertoken=bd5c23e46ed7e288c30a7a8e1670a46e,upload data = {"system":"JOVE","tool":"DEFAULT","paramname":"transCodeTemplate"}
2016 12 19 17:58:06.118		return data = {
  "code": "1",
  "msg": "hiveerror: not found 404,result：{\"code\":\"SYSTEM_ERROR_KEY_DOESNT_EXISTS\",\"message\":\"Parameter \\\"transCodeTemplate\\\" does not exists in application \\\"DEFAULT\\\"\",\"status\":404}"
}
2016 12 19 18:25:27.368		start... = transCodeTemplate, userToken = bd5c23e46ed7e288c30a7a8e1670a46e ,_system = JOVE
2016 12 19 18:25:27.369		url = http://172.16.168.205:9023/CMApi/api/basic/config/getsysparam?usertoken=bd5c23e46ed7e288c30a7a8e1670a46e,upload data = {"system":"JOVE","tool":"DEFAULT","paramname":"transCodeTemplate"}
2016 12 19 18:25:27.581		return data = {
  "code": "1",
  "msg": "hiveerror: not found 404,result：{\"code\":\"SYSTEM_ERROR_KEY_DOESNT_EXISTS\",\"message\":\"Parameter \\\"transCodeTemplate\\\" does not exists in application \\\"DEFAULT\\\"\",\"status\":404}"
}
2016 12 19 18:26:14.430		start... = transCodeTemplate, userToken = bd5c23e46ed7e288c30a7a8e1670a46e ,_system = JOVE
2016 12 19 18:26:14.432		url = http://172.16.168.205:9023/CMApi/api/basic/config/getsysparam?usertoken=bd5c23e46ed7e288c30a7a8e1670a46e,upload data = {"system":"JOVE","tool":"DEFAULT","paramname":"transCodeTemplate"}
2016 12 19 18:26:14.776		return data = {
  "code": "1",
  "msg": "hiveerror: not found 404,result：{\"code\":\"SYSTEM_ERROR_KEY_DOESNT_EXISTS\",\"message\":\"Parameter \\\"transCodeTemplate\\\" does not exists in application \\\"DEFAULT\\\"\",\"status\":404}"
}
2016 12 19 18:26:32.699		start... = transCodeTemplate, userToken = bd5c23e46ed7e288c30a7a8e1670a46e ,_system = JOVE
2016 12 19 18:26:32.700		url = http://172.16.168.205:9023/CMApi/api/basic/config/getsysparam?usertoken=bd5c23e46ed7e288c30a7a8e1670a46e,upload data = {"system":"JOVE","tool":"DEFAULT","paramname":"transCodeTemplate"}
2016 12 19 18:26:32.790		return data = {
  "code": "1",
  "msg": "hiveerror: not found 404,result：{\"code\":\"SYSTEM_ERROR_KEY_DOESNT_EXISTS\",\"message\":\"Parameter \\\"transCodeTemplate\\\" does not exists in application \\\"DEFAULT\\\"\",\"status\":404}"
}
2016 12 19 18:27:42.356		start... = transCodeTemplate, userToken = bd5c23e46ed7e288c30a7a8e1670a46e ,_system = JOVE
2016 12 19 18:27:42.360		url = http://172.16.168.205:9023/CMApi/api/basic/config/getsysparam?usertoken=bd5c23e46ed7e288c30a7a8e1670a46e,upload data = {"system":"JOVE","tool":"DEFAULT","paramname":"transCodeTemplate"}
2016 12 19 18:27:42.453		return data = {
  "code": "1",
  "msg": "hiveerror: not found 404,result：{\"code\":\"SYSTEM_ERROR_KEY_DOESNT_EXISTS\",\"message\":\"Parameter \\\"transCodeTemplate\\\" does not exists in application \\\"DEFAULT\\\"\",\"status\":404}"
}
2016 12 19 18:29:17.871		start... = transCodeTemplate, userToken = bd5c23e46ed7e288c30a7a8e1670a46e ,_system = JOVE
2016 12 19 18:29:17.872		url = http://172.16.168.205:9023/CMApi/api/basic/config/getsysparam?usertoken=bd5c23e46ed7e288c30a7a8e1670a46e,upload data = {"system":"JOVE","tool":"DEFAULT","paramname":"transCodeTemplate"}
2016 12 19 18:29:18.019		return data = {
  "code": "1",
  "msg": "hiveerror: not found 404,result：{\"code\":\"SYSTEM_ERROR_KEY_DOESNT_EXISTS\",\"message\":\"Parameter \\\"transCodeTemplate\\\" does not exists in application \\\"DEFAULT\\\"\",\"status\":404}"
}
2016 12 19 18:31:00.221		start... = transCodeTemplate, userToken = bd5c23e46ed7e288c30a7a8e1670a46e ,_system = JOVE
2016 12 19 18:31:00.223		url = http://172.16.168.205:9023/CMApi/api/basic/config/getsysparam?usertoken=bd5c23e46ed7e288c30a7a8e1670a46e,upload data = {"system":"JOVE","tool":"DEFAULT","paramname":"transCodeTemplate"}
2016 12 19 18:31:00.743		return data = {
  "code": "1",
  "msg": "hiveerror: not found 404,result：{\"code\":\"SYSTEM_ERROR_KEY_DOESNT_EXISTS\",\"message\":\"Parameter \\\"transCodeTemplate\\\" does not exists in application \\\"DEFAULT\\\"\",\"status\":404}"
}
2016 12 19 18:32:00.189		start... = transCodeTemplate, userToken = bd5c23e46ed7e288c30a7a8e1670a46e ,_system = JOVE
2016 12 19 18:32:00.191		url = http://172.16.168.205:9023/CMApi/api/basic/config/getsysparam?usertoken=bd5c23e46ed7e288c30a7a8e1670a46e,upload data = {"system":"JOVE","tool":"DEFAULT","paramname":"transCodeTemplate"}
2016 12 19 18:32:00.255		return data = {
  "code": "1",
  "msg": "hiveerror: not found 404,result：{\"code\":\"SYSTEM_ERROR_KEY_DOESNT_EXISTS\",\"message\":\"Parameter \\\"transCodeTemplate\\\" does not exists in application \\\"DEFAULT\\\"\",\"status\":404}"
}
2016 12 19 18:42:19.980		start... = transCodeTemplate, userToken = bd5c23e46ed7e288c30a7a8e1670a46e ,_system = JOVE
2016 12 19 18:42:19.981		url = http://172.16.168.205:9023/CMApi/api/basic/config/getsysparam?usertoken=bd5c23e46ed7e288c30a7a8e1670a46e,upload data = {"system":"JOVE","tool":"DEFAULT","paramname":"transCodeTemplate"}
2016 12 19 18:42:20.674		return data = {
  "code": "1",
  "msg": "hiveerror: not found 404,result：{\"code\":\"SYSTEM_ERROR_KEY_DOESNT_EXISTS\",\"message\":\"系统“DEFAULT”的参数“transCodeTemplate”不存在\",\"status\":404}"
}
2016 12 19 18:45:54.870		start... = transCodeTemplate, userToken = bd5c23e46ed7e288c30a7a8e1670a46e ,_system = JOVE
2016 12 19 18:45:54.870		url = http://172.16.168.205:9023/CMApi/api/basic/config/getsysparam?usertoken=bd5c23e46ed7e288c30a7a8e1670a46e,upload data = {"system":"JOVE","tool":"DEFAULT","paramname":"transCodeTemplate"}
2016 12 19 18:45:55.215		return data = {
  "code": "1",
  "msg": "hiveerror: not found 404,result：{\"code\":\"SYSTEM_ERROR_KEY_DOESNT_EXISTS\",\"message\":\"系统“DEFAULT”的参数“transCodeTemplate”不存在\",\"status\":404}"
}
2016 12 19 18:51:41.017		start... = transCodeTemplate, userToken = bd5c23e46ed7e288c30a7a8e1670a46e ,_system = JOVE
2016 12 19 18:51:41.018		url = http://172.16.168.205:9023/CMApi/api/basic/config/getsysparam?usertoken=bd5c23e46ed7e288c30a7a8e1670a46e,upload data = {"system":"JOVE","tool":"DEFAULT","paramname":"transCodeTemplate"}
2016 12 19 18:51:41.123		return data = {
  "code": "1",
  "msg": "hiveerror: not found 404,result：{\"code\":\"SYSTEM_ERROR_KEY_DOESNT_EXISTS\",\"message\":\"Parameter \\\"transCodeTemplate\\\" does not exists in application \\\"DEFAULT\\\"\",\"status\":404}"
}
2016 12 19 18:52:17.124		start... = transCodeTemplate, userToken = bd5c23e46ed7e288c30a7a8e1670a46e ,_system = JOVE
2016 12 19 18:52:17.126		url = http://172.16.168.205:9023/CMApi/api/basic/config/getsysparam?usertoken=bd5c23e46ed7e288c30a7a8e1670a46e,upload data = {"system":"JOVE","tool":"DEFAULT","paramname":"transCodeTemplate"}
2016 12 19 18:52:17.187		return data = {
  "code": "1",
  "msg": "hiveerror: not found 404,result：{\"code\":\"SYSTEM_ERROR_KEY_DOESNT_EXISTS\",\"message\":\"Parameter \\\"transCodeTemplate\\\" does not exists in application \\\"DEFAULT\\\"\",\"status\":404}"
}
2016 12 19 18:57:30.682		start... = transCodeTemplate, userToken = bd5c23e46ed7e288c30a7a8e1670a46e ,_system = JOVE
2016 12 19 18:57:30.683		url = http://172.16.168.205:9023/CMApi/api/basic/config/getsysparam?usertoken=bd5c23e46ed7e288c30a7a8e1670a46e,upload data = {"system":"JOVE","tool":"DEFAULT","paramname":"transCodeTemplate"}
2016 12 19 18:57:30.884		return data = {
  "code": "1",
  "msg": "hiveerror: not found 404,result：{\"code\":\"SYSTEM_ERROR_KEY_DOESNT_EXISTS\",\"message\":\"系统“DEFAULT”的参数“transCodeTemplate”不存在\",\"status\":404}"
}
2016 12 19 19:00:33.588		start... = transCodeTemplate, userToken = bd5c23e46ed7e288c30a7a8e1670a46e ,_system = JOVE
2016 12 19 19:00:33.590		url = http://172.16.168.205:9023/CMApi/api/basic/config/getsysparam?usertoken=bd5c23e46ed7e288c30a7a8e1670a46e,upload data = {"system":"JOVE","tool":"DEFAULT","paramname":"transCodeTemplate"}
2016 12 19 19:00:33.822		return data = {
  "code": "1",
  "msg": "hiveerror: not found 404,result：{\"code\":\"SYSTEM_ERROR_KEY_DOESNT_EXISTS\",\"message\":\"Parameter \\\"transCodeTemplate\\\" does not exists in application \\\"DEFAULT\\\"\",\"status\":404}"
}
2016 12 19 19:01:25.514		start... = transCodeTemplate, userToken = bd5c23e46ed7e288c30a7a8e1670a46e ,_system = JOVE
2016 12 19 19:01:25.659		url = http://172.16.168.205:9023/CMApi/api/basic/config/getsysparam?usertoken=bd5c23e46ed7e288c30a7a8e1670a46e,upload data = {"system":"JOVE","tool":"DEFAULT","paramname":"transCodeTemplate"}
2016 12 19 19:01:25.720		return data = {
  "code": "1",
  "msg": "hiveerror: not found 404,result：{\"code\":\"SYSTEM_ERROR_KEY_DOESNT_EXISTS\",\"message\":\"系统“DEFAULT”的参数“transCodeTemplate”不存在\",\"status\":404}"
}
2016 12 19 19:03:44.538		start... = transCodeTemplate, userToken = bd5c23e46ed7e288c30a7a8e1670a46e ,_system = JOVE
2016 12 19 19:03:44.541		url = http://172.16.168.205:9023/CMApi/api/basic/config/getsysparam?usertoken=bd5c23e46ed7e288c30a7a8e1670a46e,upload data = {"system":"JOVE","tool":"DEFAULT","paramname":"transCodeTemplate"}
2016 12 19 19:03:45.439		return data = {
  "code": "1",
  "msg": "hiveerror: not found 404,result：{\"code\":\"SYSTEM_ERROR_KEY_DOESNT_EXISTS\",\"message\":\"Parameter \\\"transCodeTemplate\\\" does not exists in application \\\"DEFAULT\\\"\",\"status\":404}"
}
2016 12 19 19:07:30.458		start... = transCodeTemplate, userToken = bd5c23e46ed7e288c30a7a8e1670a46e ,_system = JOVE
2016 12 19 19:07:30.458		url = http://172.16.168.205:9023/CMApi/api/basic/config/getsysparam?usertoken=bd5c23e46ed7e288c30a7a8e1670a46e,upload data = {"system":"JOVE","tool":"DEFAULT","paramname":"transCodeTemplate"}
2016 12 19 19:07:30.639		return data = {
  "code": "1",
  "msg": "hiveerror: not found 404,result：{\"code\":\"SYSTEM_ERROR_KEY_DOESNT_EXISTS\",\"message\":\"系统“DEFAULT”的参数“transCodeTemplate”不存在\",\"status\":404}"
}
2016 12 19 19:07:58.157		start... = transCodeTemplate, userToken = bd5c23e46ed7e288c30a7a8e1670a46e ,_system = JOVE
2016 12 19 19:07:58.162		url = http://172.16.168.205:9023/CMApi/api/basic/config/getsysparam?usertoken=bd5c23e46ed7e288c30a7a8e1670a46e,upload data = {"system":"JOVE","tool":"DEFAULT","paramname":"transCodeTemplate"}
2016 12 19 19:07:58.528		return data = {
  "code": "1",
  "msg": "hiveerror: not found 404,result：{\"code\":\"SYSTEM_ERROR_KEY_DOESNT_EXISTS\",\"message\":\"Parameter \\\"transCodeTemplate\\\" does not exists in application \\\"DEFAULT\\\"\",\"status\":404}"
}
2016 12 19 19:08:38.576		start... = transCodeTemplate, userToken = bd5c23e46ed7e288c30a7a8e1670a46e ,_system = JOVE
2016 12 19 19:08:38.577		url = http://172.16.168.205:9023/CMApi/api/basic/config/getsysparam?usertoken=bd5c23e46ed7e288c30a7a8e1670a46e,upload data = {"system":"JOVE","tool":"DEFAULT","paramname":"transCodeTemplate"}
2016 12 19 19:08:38.632		return data = {
  "code": "1",
  "msg": "hiveerror: not found 404,result：{\"code\":\"SYSTEM_ERROR_KEY_DOESNT_EXISTS\",\"message\":\"Parameter \\\"transCodeTemplate\\\" does not exists in application \\\"DEFAULT\\\"\",\"status\":404}"
}
2016 12 19 19:08:52.520		start... = transCodeTemplate, userToken = bd5c23e46ed7e288c30a7a8e1670a46e ,_system = JOVE
2016 12 19 19:08:52.522		url = http://172.16.168.205:9023/CMApi/api/basic/config/getsysparam?usertoken=bd5c23e46ed7e288c30a7a8e1670a46e,upload data = {"system":"JOVE","tool":"DEFAULT","paramname":"transCodeTemplate"}
2016 12 19 19:08:52.678		return data = {
  "code": "1",
  "msg": "hiveerror: not found 404,result：{\"code\":\"SYSTEM_ERROR_KEY_DOESNT_EXISTS\",\"message\":\"Parameter \\\"transCodeTemplate\\\" does not exists in application \\\"DEFAULT\\\"\",\"status\":404}"
}
2016 12 19 19:09:42.668		start... = transCodeTemplate, userToken = bd5c23e46ed7e288c30a7a8e1670a46e ,_system = JOVE
2016 12 19 19:09:42.670		url = http://172.16.168.205:9023/CMApi/api/basic/config/getsysparam?usertoken=bd5c23e46ed7e288c30a7a8e1670a46e,upload data = {"system":"JOVE","tool":"DEFAULT","paramname":"transCodeTemplate"}
2016 12 19 19:09:42.735		return data = {
  "code": "1",
  "msg": "hiveerror: not found 404,result：{\"code\":\"SYSTEM_ERROR_KEY_DOESNT_EXISTS\",\"message\":\"Parameter \\\"transCodeTemplate\\\" does not exists in application \\\"DEFAULT\\\"\",\"status\":404}"
}
2016 12 19 19:10:09.036		start... = transCodeTemplate, userToken = bd5c23e46ed7e288c30a7a8e1670a46e ,_system = JOVE
2016 12 19 19:10:09.037		url = http://172.16.168.205:9023/CMApi/api/basic/config/getsysparam?usertoken=bd5c23e46ed7e288c30a7a8e1670a46e,upload data = {"system":"JOVE","tool":"DEFAULT","paramname":"transCodeTemplate"}
2016 12 19 19:10:09.104		return data = {
  "code": "1",
  "msg": "hiveerror: not found 404,result：{\"code\":\"SYSTEM_ERROR_KEY_DOESNT_EXISTS\",\"message\":\"Parameter \\\"transCodeTemplate\\\" does not exists in application \\\"DEFAULT\\\"\",\"status\":404}"
}
2016 12 19 19:10:33.533		start... = transCodeTemplate, userToken = bd5c23e46ed7e288c30a7a8e1670a46e ,_system = JOVE
2016 12 19 19:10:33.536		url = http://172.16.168.205:9023/CMApi/api/basic/config/getsysparam?usertoken=bd5c23e46ed7e288c30a7a8e1670a46e,upload data = {"system":"JOVE","tool":"DEFAULT","paramname":"transCodeTemplate"}
2016 12 19 19:10:33.702		return data = {
  "code": "1",
  "msg": "hiveerror: not found 404,result：{\"code\":\"SYSTEM_ERROR_KEY_DOESNT_EXISTS\",\"message\":\"Parameter \\\"transCodeTemplate\\\" does not exists in application \\\"DEFAULT\\\"\",\"status\":404}"
}
2016 12 19 19:11:51.621		start... = transCodeTemplate, userToken = bd5c23e46ed7e288c30a7a8e1670a46e ,_system = JOVE
2016 12 19 19:11:51.624		url = http://172.16.168.205:9023/CMApi/api/basic/config/getsysparam?usertoken=bd5c23e46ed7e288c30a7a8e1670a46e,upload data = {"system":"JOVE","tool":"DEFAULT","paramname":"transCodeTemplate"}
2016 12 19 19:11:51.691		return data = {
  "code": "1",
  "msg": "hiveerror: not found 404,result：{\"code\":\"SYSTEM_ERROR_KEY_DOESNT_EXISTS\",\"message\":\"Parameter \\\"transCodeTemplate\\\" does not exists in application \\\"DEFAULT\\\"\",\"status\":404}"
}
2016 12 19 19:14:46.881		start... = transCodeTemplate, userToken = bd5c23e46ed7e288c30a7a8e1670a46e ,_system = JOVE
2016 12 19 19:14:46.883		url = http://172.16.168.205:9023/CMApi/api/basic/config/getsysparam?usertoken=bd5c23e46ed7e288c30a7a8e1670a46e,upload data = {"system":"JOVE","tool":"DEFAULT","paramname":"transCodeTemplate"}
2016 12 19 19:14:47.121		return data = {
  "code": "1",
  "msg": "hiveerror: not found 404,result：{\"code\":\"SYSTEM_ERROR_KEY_DOESNT_EXISTS\",\"message\":\"Parameter \\\"transCodeTemplate\\\" does not exists in application \\\"DEFAULT\\\"\",\"status\":404}"
}
2016 12 19 19:18:13.753		start... = transCodeTemplate, userToken = bd5c23e46ed7e288c30a7a8e1670a46e ,_system = JOVE
2016 12 19 19:18:13.755		url = http://172.16.168.205:9023/CMApi/api/basic/config/getsysparam?usertoken=bd5c23e46ed7e288c30a7a8e1670a46e,upload data = {"system":"JOVE","tool":"DEFAULT","paramname":"transCodeTemplate"}
2016 12 19 19:18:13.887		return data = {
  "code": "1",
  "msg": "hiveerror: not found 404,result：{\"code\":\"SYSTEM_ERROR_KEY_DOESNT_EXISTS\",\"message\":\"Parameter \\\"transCodeTemplate\\\" does not exists in application \\\"DEFAULT\\\"\",\"status\":404}"
}
