2016 12 07 18:35:10.180		<?xml version="1.0" encoding="UTF-8"?>
<config>
	<NEBULA_VIP showname="Hive集群虚拟IP">172.16.168.205</NEBULA_VIP>
	<LOCAL_IP showname="本机IP">172.16.173.16</LOCAL_IP>
	<LOCAL_HOSTNAME showname="本机名">hivenode1</LOCAL_HOSTNAME>
	<DOMAIN_NAME showname="Hive域名">hive.sobey.com</DOMAIN_NAME>
	<HIVE_NODES showname="Hive集群列表">hivenode1;hivenode2;hivenode3</HIVE_NODES>
	<AKSERVER_IP showname="AK服务器地址">172.16.128.136</AKSERVER_IP>
	<ACTOR_NODES showname="后台执行器节点">172.16.173.16;172.16.134.238;172.16.134.248</ACTOR_NODES>
  <PREVIEWPORT>86</PREVIEWPORT>
  <NEBULAPORT>88</NEBULAPORT>
  <CMAPIPORT>9023</CMAPIPORT>
  <CMWEBPORT>9021</CMWEBPORT>
  <JOVEPORT>9027</JOVEPORT>
  <CMSERVERWINPORT>9037</CMSERVERWINPORT>
  <PLAYOUTPORT>9035</PLAYOUTPORT>
</config>

2016 12 07 18:35:13.593		start... = SocketServer, userToken = 4523328c4cd0d30c8ddb57fca94bb86b ,_system = WEBCM
2016 12 07 18:35:13.604		url = http://172.16.168.205:9023/CMApi/api/basic/config/getsysparam?usertoken=4523328c4cd0d30c8ddb57fca94bb86b,upload data = {"system":"WEBCM","tool":"DEFAULT","paramname":"SocketServer"}
2016 12 07 18:35:13.735		return data = {
  "code": "0",
  "ext": {
    "paramname": "SocketServer",
    "paramvalue": "ws://172.16.173.21:3130",
    "paramdescription": "CMServer-windows ip address"
  }
}
2016 12 07 18:35:13.894		start... = InstalledFontCollection, userToken = 4523328c4cd0d30c8ddb57fca94bb86b ,_system = JOVE
2016 12 07 18:35:13.894		url = http://172.16.168.205:9023/CMApi/api/basic/config/getsysparam?usertoken=4523328c4cd0d30c8ddb57fca94bb86b,upload data = {"system":"JOVE","tool":"DEFAULT","paramname":"InstalledFontCollection"}
2016 12 07 18:35:13.953		return data = {
  "code": "0",
  "ext": {
    "paramname": "InstalledFontCollection",
    "paramvalue": "Aharoni;Andalus;Angsana New;AngsanaUPC;Aparajita;Arabic Typesetting;Arial;Arial Black;Batang;BatangChe;Browallia New;BrowalliaUPC;Calibri;Cambria;Cambria Math;Candara;Comic Sans MS;Consolas;Constantia;Corbel;Cordia New;CordiaUPC;Courier New;DaunPenh;David;DFKai-SB;DilleniaUPC;DokChampa;Dotum;DotumChe;Ebrima;Estrangelo Edessa;EucrosiaUPC;Euphemia;FangSong;Franklin Gothic Medium;FrankRuehl;FreesiaUPC;Gabriola;Gautami;Georgia;Gisha;Gulim;GulimChe;Gungsuh;GungsuhChe;Impact;IrisUPC;Iskoola Pota;JasmineUPC;KaiTi;Kalinga;Kartika;Khmer UI;KodchiangUPC;Kokila;Lao UI;Latha;Leelawadee;Levenim MT;LilyUPC;Lucida Console;Lucida Sans Unicode;Malgun Gothic;Mangal;Marlett;Meiryo;Meiryo UI;Microsoft Himalaya;Microsoft JhengHei;Microsoft New Tai Lue;Microsoft PhagsPa;Microsoft Sans Serif;Microsoft Tai Le;Microsoft Uighur;Microsoft YaHei;Microsoft Yi Baiti;MingLiU;MingLiU-ExtB;MingLiU_HKSCS;MingLiU_HKSCS-ExtB;Miriam;Miriam Fixed;Mongolian Baiti;MoolBoran;MS Gothic;MS Mincho;MS PGothic;MS PMincho;MS UI Gothic;MV Boli;Narkisim;NSimSun;Nyala;Palatino Linotype;Plantagenet Cherokee;PMingLiU;PMingLiU-ExtB;Raavi;Rod;Sakkal Majalla;Segoe Print;Segoe Script;Segoe UI;Segoe UI Light;Segoe UI Semibold;Segoe UI Symbol;Shonar Bangla;Shruti;SimHei;Simplified Arabic;Simplified Arabic Fixed;SimSun;SimSun-ExtB;Sylfaen;Symbol;Tahoma;Times New Roman;Traditional Arabic;Trebuchet MS;Tunga;Utsaah;Vani;Verdana;Vijaya;Vrinda;Webdings;Wingdings",
    "paramdescription": "System Installed Font Collection"
  }
}
2016 12 07 18:35:14.111		start... = ET_LANGUAGE, userToken = 4523328c4cd0d30c8ddb57fca94bb86b ,_system = MATERIALLIST
2016 12 07 18:35:14.111		url = http://172.16.168.205:9023/CMApi/api/basic/config/getsysparam?usertoken=4523328c4cd0d30c8ddb57fca94bb86b,upload data = {"system":"MATERIALLIST","tool":"DEFAULT","paramname":"ET_LANGUAGE"}
2016 12 07 18:35:14.171		return data = {
  "code": "0",
  "ext": {
    "paramname": "ET_LANGUAGE",
    "paramvalue": "en",
    "paramdescription": ""
  }
}
2016 12 07 18:35:14.319		start... = transCodeTemplate, userToken = 4523328c4cd0d30c8ddb57fca94bb86b ,_system = JOVE
2016 12 07 18:35:14.320		url = http://172.16.168.205:9023/CMApi/api/basic/config/getsysparam?usertoken=4523328c4cd0d30c8ddb57fca94bb86b,upload data = {"system":"JOVE","tool":"DEFAULT","paramname":"transCodeTemplate"}
2016 12 07 18:35:14.374		return data = {
  "code": "1",
  "msg": "hiveerror: not found 404,result：{\"code\":\"SYSTEM_ERROR_KEY_DOESNT_EXISTS\",\"message\":\"系统“DEFAULT”的参数“transCodeTemplate”不存在\",\"status\":404}"
}
2016 12 07 18:36:14.311		start... = transCodeTemplate, userToken = 4523328c4cd0d30c8ddb57fca94bb86b ,_system = JOVE
2016 12 07 18:36:14.313		url = http://172.16.168.205:9023/CMApi/api/basic/config/getsysparam?usertoken=4523328c4cd0d30c8ddb57fca94bb86b,upload data = {"system":"JOVE","tool":"DEFAULT","paramname":"transCodeTemplate"}
2016 12 07 18:36:14.365		return data = {
  "code": "1",
  "msg": "hiveerror: not found 404,result：{\"code\":\"SYSTEM_ERROR_KEY_DOESNT_EXISTS\",\"message\":\"系统“DEFAULT”的参数“transCodeTemplate”不存在\",\"status\":404}"
}
2016 12 07 18:36:32.220		start... = transCodeTemplate, userToken = 4523328c4cd0d30c8ddb57fca94bb86b ,_system = JOVE
2016 12 07 18:36:32.221		url = http://172.16.168.205:9023/CMApi/api/basic/config/getsysparam?usertoken=4523328c4cd0d30c8ddb57fca94bb86b,upload data = {"system":"JOVE","tool":"DEFAULT","paramname":"transCodeTemplate"}
2016 12 07 18:36:32.291		return data = {
  "code": "1",
  "msg": "hiveerror: not found 404,result：{\"code\":\"SYSTEM_ERROR_KEY_DOESNT_EXISTS\",\"message\":\"系统“DEFAULT”的参数“transCodeTemplate”不存在\",\"status\":404}"
}
2016 12 07 18:49:16.467		start... = transCodeTemplate, userToken = 4523328c4cd0d30c8ddb57fca94bb86b ,_system = JOVE
2016 12 07 18:49:16.469		url = http://172.16.168.205:9023/CMApi/api/basic/config/getsysparam?usertoken=4523328c4cd0d30c8ddb57fca94bb86b,upload data = {"system":"JOVE","tool":"DEFAULT","paramname":"transCodeTemplate"}
2016 12 07 18:49:16.546		return data = {
  "code": "1",
  "msg": "hiveerror: not found 404,result：{\"code\":\"SYSTEM_ERROR_KEY_DOESNT_EXISTS\",\"message\":\"Parameter \\\"transCodeTemplate\\\" does not exists in application \\\"DEFAULT\\\"\",\"status\":404}"
}
2016 12 07 19:14:52.428		start... = transCodeTemplate, userToken = 4523328c4cd0d30c8ddb57fca94bb86b ,_system = JOVE
2016 12 07 19:14:52.429		url = http://172.16.168.205:9023/CMApi/api/basic/config/getsysparam?usertoken=4523328c4cd0d30c8ddb57fca94bb86b,upload data = {"system":"JOVE","tool":"DEFAULT","paramname":"transCodeTemplate"}
2016 12 07 19:14:52.540		return data = {
  "code": "1",
  "msg": "hiveerror: not found 404,result：{\"code\":\"SYSTEM_ERROR_KEY_DOESNT_EXISTS\",\"message\":\"Parameter \\\"transCodeTemplate\\\" does not exists in application \\\"DEFAULT\\\"\",\"status\":404}"
}
2016 12 07 19:15:57.325		start... = transCodeTemplate, userToken = 4523328c4cd0d30c8ddb57fca94bb86b ,_system = JOVE
2016 12 07 19:15:57.327		url = http://172.16.168.205:9023/CMApi/api/basic/config/getsysparam?usertoken=4523328c4cd0d30c8ddb57fca94bb86b,upload data = {"system":"JOVE","tool":"DEFAULT","paramname":"transCodeTemplate"}
2016 12 07 19:15:57.890		return data = {
  "code": "1",
  "msg": "hiveerror: not found 404,result：{\"code\":\"SYSTEM_ERROR_KEY_DOESNT_EXISTS\",\"message\":\"系统“DEFAULT”的参数“transCodeTemplate”不存在\",\"status\":404}"
}
2016 12 07 19:17:48.499		start... = transCodeTemplate, userToken = 4523328c4cd0d30c8ddb57fca94bb86b ,_system = JOVE
2016 12 07 19:17:48.500		url = http://172.16.168.205:9023/CMApi/api/basic/config/getsysparam?usertoken=4523328c4cd0d30c8ddb57fca94bb86b,upload data = {"system":"JOVE","tool":"DEFAULT","paramname":"transCodeTemplate"}
2016 12 07 19:17:48.921		return data = {
  "code": "1",
  "msg": "hiveerror: not found 404,result：{\"code\":\"SYSTEM_ERROR_KEY_DOESNT_EXISTS\",\"message\":\"Parameter \\\"transCodeTemplate\\\" does not exists in application \\\"DEFAULT\\\"\",\"status\":404}"
}
2016 12 07 19:18:54.253		start... = transCodeTemplate, userToken = 4523328c4cd0d30c8ddb57fca94bb86b ,_system = JOVE
2016 12 07 19:18:54.254		url = http://172.16.168.205:9023/CMApi/api/basic/config/getsysparam?usertoken=4523328c4cd0d30c8ddb57fca94bb86b,upload data = {"system":"JOVE","tool":"DEFAULT","paramname":"transCodeTemplate"}
2016 12 07 19:18:54.321		return data = {
  "code": "1",
  "msg": "hiveerror: not found 404,result：{\"code\":\"SYSTEM_ERROR_KEY_DOESNT_EXISTS\",\"message\":\"Parameter \\\"transCodeTemplate\\\" does not exists in application \\\"DEFAULT\\\"\",\"status\":404}"
}
2016 12 07 19:20:48.123		start... = transCodeTemplate, userToken = 4523328c4cd0d30c8ddb57fca94bb86b ,_system = JOVE
2016 12 07 19:20:48.165		url = http://172.16.168.205:9023/CMApi/api/basic/config/getsysparam?usertoken=4523328c4cd0d30c8ddb57fca94bb86b,upload data = {"system":"JOVE","tool":"DEFAULT","paramname":"transCodeTemplate"}
2016 12 07 19:20:48.267		return data = {
  "code": "1",
  "msg": "hiveerror: not found 404,result：{\"code\":\"SYSTEM_ERROR_KEY_DOESNT_EXISTS\",\"message\":\"Parameter \\\"transCodeTemplate\\\" does not exists in application \\\"DEFAULT\\\"\",\"status\":404}"
}
2016 12 07 19:21:57.642		start... = transCodeTemplate, userToken = 4523328c4cd0d30c8ddb57fca94bb86b ,_system = JOVE
2016 12 07 19:21:57.643		url = http://172.16.168.205:9023/CMApi/api/basic/config/getsysparam?usertoken=4523328c4cd0d30c8ddb57fca94bb86b,upload data = {"system":"JOVE","tool":"DEFAULT","paramname":"transCodeTemplate"}
2016 12 07 19:21:57.702		return data = {
  "code": "1",
  "msg": "hiveerror: not found 404,result：{\"code\":\"SYSTEM_ERROR_KEY_DOESNT_EXISTS\",\"message\":\"系统“DEFAULT”的参数“transCodeTemplate”不存在\",\"status\":404}"
}
2016 12 07 19:23:02.739		start... = transCodeTemplate, userToken = 4523328c4cd0d30c8ddb57fca94bb86b ,_system = JOVE
2016 12 07 19:23:02.740		url = http://172.16.168.205:9023/CMApi/api/basic/config/getsysparam?usertoken=4523328c4cd0d30c8ddb57fca94bb86b,upload data = {"system":"JOVE","tool":"DEFAULT","paramname":"transCodeTemplate"}
2016 12 07 19:23:02.823		return data = {
  "code": "1",
  "msg": "hiveerror: not found 404,result：{\"code\":\"SYSTEM_ERROR_KEY_DOESNT_EXISTS\",\"message\":\"系统“DEFAULT”的参数“transCodeTemplate”不存在\",\"status\":404}"
}
2016 12 07 19:25:17.078		start... = transCodeTemplate, userToken = 4523328c4cd0d30c8ddb57fca94bb86b ,_system = JOVE
2016 12 07 19:25:17.080		url = http://172.16.168.205:9023/CMApi/api/basic/config/getsysparam?usertoken=4523328c4cd0d30c8ddb57fca94bb86b,upload data = {"system":"JOVE","tool":"DEFAULT","paramname":"transCodeTemplate"}
2016 12 07 19:25:17.141		return data = {
  "code": "1",
  "msg": "hiveerror: not found 404,result：{\"code\":\"SYSTEM_ERROR_KEY_DOESNT_EXISTS\",\"message\":\"系统“DEFAULT”的参数“transCodeTemplate”不存在\",\"status\":404}"
}
2016 12 07 19:27:38.241		start... = transCodeTemplate, userToken = 4523328c4cd0d30c8ddb57fca94bb86b ,_system = JOVE
2016 12 07 19:27:38.241		url = http://172.16.168.205:9023/CMApi/api/basic/config/getsysparam?usertoken=4523328c4cd0d30c8ddb57fca94bb86b,upload data = {"system":"JOVE","tool":"DEFAULT","paramname":"transCodeTemplate"}
2016 12 07 19:27:38.301		return data = {
  "code": "1",
  "msg": "hiveerror: not found 404,result：{\"code\":\"SYSTEM_ERROR_KEY_DOESNT_EXISTS\",\"message\":\"系统“DEFAULT”的参数“transCodeTemplate”不存在\",\"status\":404}"
}
2016 12 07 19:28:54.395		start... = transCodeTemplate, userToken = 4523328c4cd0d30c8ddb57fca94bb86b ,_system = JOVE
2016 12 07 19:28:54.398		url = http://172.16.168.205:9023/CMApi/api/basic/config/getsysparam?usertoken=4523328c4cd0d30c8ddb57fca94bb86b,upload data = {"system":"JOVE","tool":"DEFAULT","paramname":"transCodeTemplate"}
2016 12 07 19:28:54.660		return data = {
  "code": "1",
  "msg": "hiveerror: not found 404,result：{\"code\":\"SYSTEM_ERROR_KEY_DOESNT_EXISTS\",\"message\":\"系统“DEFAULT”的参数“transCodeTemplate”不存在\",\"status\":404}"
}
2016 12 07 19:33:00.815		start... = transCodeTemplate, userToken = 4523328c4cd0d30c8ddb57fca94bb86b ,_system = JOVE
2016 12 07 19:33:00.856		url = http://172.16.168.205:9023/CMApi/api/basic/config/getsysparam?usertoken=4523328c4cd0d30c8ddb57fca94bb86b,upload data = {"system":"JOVE","tool":"DEFAULT","paramname":"transCodeTemplate"}
2016 12 07 19:33:01.317		return data = {
  "code": "1",
  "msg": "hiveerror: not found 404,result：{\"code\":\"SYSTEM_ERROR_KEY_DOESNT_EXISTS\",\"message\":\"系统“DEFAULT”的参数“transCodeTemplate”不存在\",\"status\":404}"
}
2016 12 07 19:34:18.227		start... = transCodeTemplate, userToken = 4523328c4cd0d30c8ddb57fca94bb86b ,_system = JOVE
2016 12 07 19:34:18.276		url = http://172.16.168.205:9023/CMApi/api/basic/config/getsysparam?usertoken=4523328c4cd0d30c8ddb57fca94bb86b,upload data = {"system":"JOVE","tool":"DEFAULT","paramname":"transCodeTemplate"}
2016 12 07 19:34:18.336		return data = {
  "code": "1",
  "msg": "hiveerror: not found 404,result：{\"code\":\"SYSTEM_ERROR_KEY_DOESNT_EXISTS\",\"message\":\"Parameter \\\"transCodeTemplate\\\" does not exists in application \\\"DEFAULT\\\"\",\"status\":404}"
}
2016 12 07 19:36:35.076		start... = transCodeTemplate, userToken = 4523328c4cd0d30c8ddb57fca94bb86b ,_system = JOVE
2016 12 07 19:36:35.093		url = http://172.16.168.205:9023/CMApi/api/basic/config/getsysparam?usertoken=4523328c4cd0d30c8ddb57fca94bb86b,upload data = {"system":"JOVE","tool":"DEFAULT","paramname":"transCodeTemplate"}
2016 12 07 19:36:35.443		return data = {
  "code": "1",
  "msg": "hiveerror: not found 404,result：{\"code\":\"SYSTEM_ERROR_KEY_DOESNT_EXISTS\",\"message\":\"系统“DEFAULT”的参数“transCodeTemplate”不存在\",\"status\":404}"
}
2016 12 07 19:39:39.248		start... = transCodeTemplate, userToken = 4523328c4cd0d30c8ddb57fca94bb86b ,_system = JOVE
2016 12 07 19:39:39.249		url = http://172.16.168.205:9023/CMApi/api/basic/config/getsysparam?usertoken=4523328c4cd0d30c8ddb57fca94bb86b,upload data = {"system":"JOVE","tool":"DEFAULT","paramname":"transCodeTemplate"}
2016 12 07 19:39:39.343		return data = {
  "code": "1",
  "msg": "hiveerror: not found 404,result：{\"code\":\"SYSTEM_ERROR_KEY_DOESNT_EXISTS\",\"message\":\"系统“DEFAULT”的参数“transCodeTemplate”不存在\",\"status\":404}"
}
2016 12 07 19:40:34.196		start... = transCodeTemplate, userToken = 4523328c4cd0d30c8ddb57fca94bb86b ,_system = JOVE
2016 12 07 19:40:34.211		url = http://172.16.168.205:9023/CMApi/api/basic/config/getsysparam?usertoken=4523328c4cd0d30c8ddb57fca94bb86b,upload data = {"system":"JOVE","tool":"DEFAULT","paramname":"transCodeTemplate"}
2016 12 07 19:40:34.323		return data = {
  "code": "1",
  "msg": "hiveerror: not found 404,result：{\"code\":\"SYSTEM_ERROR_KEY_DOESNT_EXISTS\",\"message\":\"Parameter \\\"transCodeTemplate\\\" does not exists in application \\\"DEFAULT\\\"\",\"status\":404}"
}
2016 12 07 19:43:52.912		start... = transCodeTemplate, userToken = 4523328c4cd0d30c8ddb57fca94bb86b ,_system = JOVE
2016 12 07 19:43:52.914		url = http://172.16.168.205:9023/CMApi/api/basic/config/getsysparam?usertoken=4523328c4cd0d30c8ddb57fca94bb86b,upload data = {"system":"JOVE","tool":"DEFAULT","paramname":"transCodeTemplate"}
2016 12 07 19:43:53.269		return data = {
  "code": "1",
  "msg": "hiveerror: not found 404,result：{\"code\":\"SYSTEM_ERROR_KEY_DOESNT_EXISTS\",\"message\":\"系统“DEFAULT”的参数“transCodeTemplate”不存在\",\"status\":404}"
}
2016 12 07 19:44:44.291		start... = transCodeTemplate, userToken = 4523328c4cd0d30c8ddb57fca94bb86b ,_system = JOVE
2016 12 07 19:44:44.292		url = http://172.16.168.205:9023/CMApi/api/basic/config/getsysparam?usertoken=4523328c4cd0d30c8ddb57fca94bb86b,upload data = {"system":"JOVE","tool":"DEFAULT","paramname":"transCodeTemplate"}
2016 12 07 19:44:44.372		return data = {
  "code": "1",
  "msg": "hiveerror: not found 404,result：{\"code\":\"SYSTEM_ERROR_KEY_DOESNT_EXISTS\",\"message\":\"Parameter \\\"transCodeTemplate\\\" does not exists in application \\\"DEFAULT\\\"\",\"status\":404}"
}
2016 12 07 19:46:45.473		start... = transCodeTemplate, userToken = 4523328c4cd0d30c8ddb57fca94bb86b ,_system = JOVE
2016 12 07 19:46:45.475		url = http://172.16.168.205:9023/CMApi/api/basic/config/getsysparam?usertoken=4523328c4cd0d30c8ddb57fca94bb86b,upload data = {"system":"JOVE","tool":"DEFAULT","paramname":"transCodeTemplate"}
2016 12 07 19:46:45.628		return data = {
  "code": "1",
  "msg": "hiveerror: not found 404,result：{\"code\":\"SYSTEM_ERROR_KEY_DOESNT_EXISTS\",\"message\":\"Parameter \\\"transCodeTemplate\\\" does not exists in application \\\"DEFAULT\\\"\",\"status\":404}"
}
2016 12 07 19:49:14.197		start... = transCodeTemplate, userToken = 4523328c4cd0d30c8ddb57fca94bb86b ,_system = JOVE
2016 12 07 19:49:14.197		url = http://172.16.168.205:9023/CMApi/api/basic/config/getsysparam?usertoken=4523328c4cd0d30c8ddb57fca94bb86b,upload data = {"system":"JOVE","tool":"DEFAULT","paramname":"transCodeTemplate"}
2016 12 07 19:49:14.368		return data = {
  "code": "1",
  "msg": "hiveerror: not found 404,result：{\"code\":\"SYSTEM_ERROR_KEY_DOESNT_EXISTS\",\"message\":\"Parameter \\\"transCodeTemplate\\\" does not exists in application \\\"DEFAULT\\\"\",\"status\":404}"
}
2016 12 07 19:54:46.961		start... = transCodeTemplate, userToken = 4523328c4cd0d30c8ddb57fca94bb86b ,_system = JOVE
2016 12 07 19:54:46.963		url = http://172.16.168.205:9023/CMApi/api/basic/config/getsysparam?usertoken=4523328c4cd0d30c8ddb57fca94bb86b,upload data = {"system":"JOVE","tool":"DEFAULT","paramname":"transCodeTemplate"}
2016 12 07 19:54:47.178		return data = {
  "code": "1",
  "msg": "hiveerror: not found 404,result：{\"code\":\"SYSTEM_ERROR_KEY_DOESNT_EXISTS\",\"message\":\"系统“DEFAULT”的参数“transCodeTemplate”不存在\",\"status\":404}"
}
2016 12 07 19:59:56.181		start... = transCodeTemplate, userToken = 4523328c4cd0d30c8ddb57fca94bb86b ,_system = JOVE
2016 12 07 19:59:56.290		url = http://172.16.168.205:9023/CMApi/api/basic/config/getsysparam?usertoken=4523328c4cd0d30c8ddb57fca94bb86b,upload data = {"system":"JOVE","tool":"DEFAULT","paramname":"transCodeTemplate"}
2016 12 07 19:59:56.643		return data = {
  "code": "1",
  "msg": "hiveerror: not found 404,result：{\"code\":\"SYSTEM_ERROR_KEY_DOESNT_EXISTS\",\"message\":\"系统“DEFAULT”的参数“transCodeTemplate”不存在\",\"status\":404}"
}
2016 12 07 20:01:11.421		start... = transCodeTemplate, userToken = 4523328c4cd0d30c8ddb57fca94bb86b ,_system = JOVE
2016 12 07 20:01:11.431		url = http://172.16.168.205:9023/CMApi/api/basic/config/getsysparam?usertoken=4523328c4cd0d30c8ddb57fca94bb86b,upload data = {"system":"JOVE","tool":"DEFAULT","paramname":"transCodeTemplate"}
2016 12 07 20:01:11.488		return data = {
  "code": "1",
  "msg": "hiveerror: not found 404,result：{\"code\":\"SYSTEM_ERROR_KEY_DOESNT_EXISTS\",\"message\":\"Parameter \\\"transCodeTemplate\\\" does not exists in application \\\"DEFAULT\\\"\",\"status\":404}"
}
2016 12 07 20:03:02.860		start... = transCodeTemplate, userToken = 4523328c4cd0d30c8ddb57fca94bb86b ,_system = JOVE
2016 12 07 20:03:02.861		url = http://172.16.168.205:9023/CMApi/api/basic/config/getsysparam?usertoken=4523328c4cd0d30c8ddb57fca94bb86b,upload data = {"system":"JOVE","tool":"DEFAULT","paramname":"transCodeTemplate"}
2016 12 07 20:03:02.920		return data = {
  "code": "1",
  "msg": "hiveerror: not found 404,result：{\"code\":\"SYSTEM_ERROR_KEY_DOESNT_EXISTS\",\"message\":\"系统“DEFAULT”的参数“transCodeTemplate”不存在\",\"status\":404}"
}
2016 12 07 20:05:19.308		start... = transCodeTemplate, userToken = 4523328c4cd0d30c8ddb57fca94bb86b ,_system = JOVE
2016 12 07 20:05:19.311		url = http://172.16.168.205:9023/CMApi/api/basic/config/getsysparam?usertoken=4523328c4cd0d30c8ddb57fca94bb86b,upload data = {"system":"JOVE","tool":"DEFAULT","paramname":"transCodeTemplate"}
2016 12 07 20:05:19.386		return data = {
  "code": "1",
  "msg": "hiveerror: not found 404,result：{\"code\":\"SYSTEM_ERROR_KEY_DOESNT_EXISTS\",\"message\":\"系统“DEFAULT”的参数“transCodeTemplate”不存在\",\"status\":404}"
}
2016 12 07 20:06:50.311		start... = transCodeTemplate, userToken = 4523328c4cd0d30c8ddb57fca94bb86b ,_system = JOVE
2016 12 07 20:06:50.314		url = http://172.16.168.205:9023/CMApi/api/basic/config/getsysparam?usertoken=4523328c4cd0d30c8ddb57fca94bb86b,upload data = {"system":"JOVE","tool":"DEFAULT","paramname":"transCodeTemplate"}
2016 12 07 20:06:50.419		return data = {
  "code": "1",
  "msg": "hiveerror: not found 404,result：{\"code\":\"SYSTEM_ERROR_KEY_DOESNT_EXISTS\",\"message\":\"系统“DEFAULT”的参数“transCodeTemplate”不存在\",\"status\":404}"
}
