2016 12 20 17:57:32.071		<?xml version="1.0" encoding="UTF-8"?>
<config>
	<NEBULA_VIP showname="Hive集群虚拟IP">172.16.168.205</NEBULA_VIP>
	<LOCAL_IP showname="本机IP">172.16.173.16</LOCAL_IP>
	<LOCAL_HOSTNAME showname="本机名">hivenode1</LOCAL_HOSTNAME>
	<DOMAIN_NAME showname="Hive域名">hive.sobey.com</DOMAIN_NAME>
	<HIVE_NODES showname="Hive集群列表">hivenode1;hivenode2;hivenode3</HIVE_NODES>
	<AKSERVER_IP showname="AK服务器地址">172.16.128.136</AKSERVER_IP>
	<ACTOR_NODES showname="后台执行器节点">172.16.173.16;172.16.134.238;172.16.134.248</ACTOR_NODES>
  <PREVIEWPORT>86</PREVIEWPORT>
  <NEBULAPORT>88</NEBULAPORT>
  <CMAPIPORT>9023</CMAPIPORT>
  <CMWEBPORT>9021</CMWEBPORT>
  <JOVEPORT>9027</JOVEPORT>
  <CMSERVERWINPORT>9037</CMSERVERWINPORT>
  <PLAYOUTPORT>9035</PLAYOUTPORT>
</config>

2016 12 20 17:57:32.382		start... = SocketServer, userToken = bd5c23e46ed7e288c30a7a8e1670a46e ,_system = WEBCM
2016 12 20 17:57:32.396		url = http://172.16.168.205:9023/CMApi/api/basic/config/getsysparam?usertoken=bd5c23e46ed7e288c30a7a8e1670a46e,upload data = {"system":"WEBCM","tool":"DEFAULT","paramname":"SocketServer"}
2016 12 20 17:57:32.686		return data = {
  "code": "0",
  "ext": {
    "paramname": "SocketServer",
    "paramvalue": "ws://172.16.172.11:3130",
    "paramdescription": "CMServer-windows ip address"
  }
}
2016 12 20 17:57:32.694		start... = InstalledFontCollection, userToken = bd5c23e46ed7e288c30a7a8e1670a46e ,_system = JOVE
2016 12 20 17:57:32.694		url = http://172.16.168.205:9023/CMApi/api/basic/config/getsysparam?usertoken=bd5c23e46ed7e288c30a7a8e1670a46e,upload data = {"system":"JOVE","tool":"DEFAULT","paramname":"InstalledFontCollection"}
2016 12 20 17:57:32.943		return data = {
  "code": "0",
  "ext": {
    "paramname": "InstalledFontCollection",
    "paramvalue": "Aharoni;Andalus;Angsana New;AngsanaUPC;Aparajita;Arabic Typesetting;Arial;Arial Black;Batang;BatangChe;Browallia New;BrowalliaUPC;Calibri;Cambria;Cambria Math;Candara;Comic Sans MS;Consolas;Constantia;Corbel;Cordia New;CordiaUPC;Courier New;DaunPenh;David;DFKai-SB;DilleniaUPC;DokChampa;Dotum;DotumChe;Ebrima;Estrangelo Edessa;EucrosiaUPC;Euphemia;FangSong;Franklin Gothic Medium;FrankRuehl;FreesiaUPC;Gabriola;Gautami;Georgia;Gisha;Gulim;GulimChe;Gungsuh;GungsuhChe;Impact;IrisUPC;Iskoola Pota;JasmineUPC;KaiTi;Kalinga;Kartika;Khmer UI;KodchiangUPC;Kokila;Lao UI;Latha;Leelawadee;Levenim MT;LilyUPC;Lucida Console;Lucida Sans Unicode;Malgun Gothic;Mangal;Marlett;Meiryo;Meiryo UI;Microsoft Himalaya;Microsoft JhengHei;Microsoft New Tai Lue;Microsoft PhagsPa;Microsoft Sans Serif;Microsoft Tai Le;Microsoft Uighur;Microsoft YaHei;Microsoft Yi Baiti;MingLiU;MingLiU-ExtB;MingLiU_HKSCS;MingLiU_HKSCS-ExtB;Miriam;Miriam Fixed;Mongolian Baiti;MoolBoran;MS Gothic;MS Mincho;MS PGothic;MS PMincho;MS UI Gothic;MV Boli;Narkisim;NSimSun;Nyala;Palatino Linotype;Plantagenet Cherokee;PMingLiU;PMingLiU-ExtB;Raavi;Rod;Sakkal Majalla;Segoe Print;Segoe Script;Segoe UI;Segoe UI Light;Segoe UI Semibold;Segoe UI Symbol;Shonar Bangla;Shruti;SimHei;Simplified Arabic;Simplified Arabic Fixed;SimSun;SimSun-ExtB;Sylfaen;Symbol;Tahoma;Times New Roman;Traditional Arabic;Trebuchet MS;Tunga;Utsaah;Vani;Verdana;Vijaya;Vrinda;Webdings;Wingdings;Yle Bd;Yle Bl;Yle Condensed Bd;Yle Condensed Bl;Yle Condensed Li;Yle Condensed Md;Yle Condensed Rg;Yle Condensed Th;Yle Li;Yle Md;Yle Rg;Yle Th",
    "paramdescription": "System Installed Font Collection"
  }
}
2016 12 20 17:57:32.948		start... = ET_LANGUAGE, userToken = bd5c23e46ed7e288c30a7a8e1670a46e ,_system = MATERIALLIST
2016 12 20 17:57:32.949		url = http://172.16.168.205:9023/CMApi/api/basic/config/getsysparam?usertoken=bd5c23e46ed7e288c30a7a8e1670a46e,upload data = {"system":"MATERIALLIST","tool":"DEFAULT","paramname":"ET_LANGUAGE"}
2016 12 20 17:57:33.029		return data = {
  "code": "0",
  "ext": {
    "paramname": "ET_LANGUAGE",
    "paramvalue": "en",
    "paramdescription": ""
  }
}
2016 12 20 17:57:33.036		start... = transCodeTemplate, userToken = bd5c23e46ed7e288c30a7a8e1670a46e ,_system = JOVE
2016 12 20 17:57:33.037		url = http://172.16.168.205:9023/CMApi/api/basic/config/getsysparam?usertoken=bd5c23e46ed7e288c30a7a8e1670a46e,upload data = {"system":"JOVE","tool":"DEFAULT","paramname":"transCodeTemplate"}
2016 12 20 17:57:33.241		return data = {
  "code": "1",
  "msg": "hiveerror: not found 404,result：{\"code\":\"SYSTEM_ERROR_KEY_DOESNT_EXISTS\",\"message\":\"Parameter \\\"transCodeTemplate\\\" does not exists in application \\\"DEFAULT\\\"\",\"status\":404}"
}
2016 12 20 18:02:38.734		start... = transCodeTemplate, userToken = bd5c23e46ed7e288c30a7a8e1670a46e ,_system = JOVE
2016 12 20 18:02:38.735		url = http://172.16.168.205:9023/CMApi/api/basic/config/getsysparam?usertoken=bd5c23e46ed7e288c30a7a8e1670a46e,upload data = {"system":"JOVE","tool":"DEFAULT","paramname":"transCodeTemplate"}
2016 12 20 18:02:39.618		return data = {
  "code": "1",
  "msg": "hiveerror: not found 404,result：{\"code\":\"SYSTEM_ERROR_KEY_DOESNT_EXISTS\",\"message\":\"Parameter \\\"transCodeTemplate\\\" does not exists in application \\\"DEFAULT\\\"\",\"status\":404}"
}
2016 12 20 18:03:40.832		start... = transCodeTemplate, userToken = bd5c23e46ed7e288c30a7a8e1670a46e ,_system = JOVE
2016 12 20 18:03:40.833		url = http://172.16.168.205:9023/CMApi/api/basic/config/getsysparam?usertoken=bd5c23e46ed7e288c30a7a8e1670a46e,upload data = {"system":"JOVE","tool":"DEFAULT","paramname":"transCodeTemplate"}
2016 12 20 18:03:41.630		return data = {
  "code": "1",
  "msg": "hiveerror: not found 404,result：{\"code\":\"SYSTEM_ERROR_KEY_DOESNT_EXISTS\",\"message\":\"Parameter \\\"transCodeTemplate\\\" does not exists in application \\\"DEFAULT\\\"\",\"status\":404}"
}
2016 12 20 18:13:05.923		start... = transCodeTemplate, userToken = bd5c23e46ed7e288c30a7a8e1670a46e ,_system = JOVE
2016 12 20 18:13:05.923		url = http://172.16.168.205:9023/CMApi/api/basic/config/getsysparam?usertoken=bd5c23e46ed7e288c30a7a8e1670a46e,upload data = {"system":"JOVE","tool":"DEFAULT","paramname":"transCodeTemplate"}
2016 12 20 18:13:06.688		return data = {
  "code": "1",
  "msg": "hiveerror: not found 404,result：{\"code\":\"SYSTEM_ERROR_KEY_DOESNT_EXISTS\",\"message\":\"Parameter \\\"transCodeTemplate\\\" does not exists in application \\\"DEFAULT\\\"\",\"status\":404}"
}
2016 12 20 18:15:21.078		start... = transCodeTemplate, userToken = bd5c23e46ed7e288c30a7a8e1670a46e ,_system = JOVE
2016 12 20 18:15:21.079		url = http://172.16.168.205:9023/CMApi/api/basic/config/getsysparam?usertoken=bd5c23e46ed7e288c30a7a8e1670a46e,upload data = {"system":"JOVE","tool":"DEFAULT","paramname":"transCodeTemplate"}
2016 12 20 18:15:21.260		return data = {
  "code": "1",
  "msg": "hiveerror: not found 404,result：{\"code\":\"SYSTEM_ERROR_KEY_DOESNT_EXISTS\",\"message\":\"Parameter \\\"transCodeTemplate\\\" does not exists in application \\\"DEFAULT\\\"\",\"status\":404}"
}
2016 12 20 18:18:45.322		start... = transCodeTemplate, userToken = bd5c23e46ed7e288c30a7a8e1670a46e ,_system = JOVE
2016 12 20 18:18:45.324		url = http://172.16.168.205:9023/CMApi/api/basic/config/getsysparam?usertoken=bd5c23e46ed7e288c30a7a8e1670a46e,upload data = {"system":"JOVE","tool":"DEFAULT","paramname":"transCodeTemplate"}
2016 12 20 18:18:45.644		return data = {
  "code": "1",
  "msg": "hiveerror: not found 404,result：{\"code\":\"SYSTEM_ERROR_KEY_DOESNT_EXISTS\",\"message\":\"Parameter \\\"transCodeTemplate\\\" does not exists in application \\\"DEFAULT\\\"\",\"status\":404}"
}
2016 12 20 18:22:32.605		start... = transCodeTemplate, userToken = bd5c23e46ed7e288c30a7a8e1670a46e ,_system = JOVE
2016 12 20 18:22:32.606		url = http://172.16.168.205:9023/CMApi/api/basic/config/getsysparam?usertoken=bd5c23e46ed7e288c30a7a8e1670a46e,upload data = {"system":"JOVE","tool":"DEFAULT","paramname":"transCodeTemplate"}
2016 12 20 18:22:33.498		return data = {
  "code": "1",
  "msg": "hiveerror: not found 404,result：{\"code\":\"SYSTEM_ERROR_KEY_DOESNT_EXISTS\",\"message\":\"Parameter \\\"transCodeTemplate\\\" does not exists in application \\\"DEFAULT\\\"\",\"status\":404}"
}
2016 12 20 18:23:46.325		start... = transCodeTemplate, userToken = bd5c23e46ed7e288c30a7a8e1670a46e ,_system = JOVE
2016 12 20 18:23:46.326		url = http://172.16.168.205:9023/CMApi/api/basic/config/getsysparam?usertoken=bd5c23e46ed7e288c30a7a8e1670a46e,upload data = {"system":"JOVE","tool":"DEFAULT","paramname":"transCodeTemplate"}
2016 12 20 18:23:46.507		return data = {
  "code": "1",
  "msg": "hiveerror: not found 404,result：{\"code\":\"SYSTEM_ERROR_KEY_DOESNT_EXISTS\",\"message\":\"Parameter \\\"transCodeTemplate\\\" does not exists in application \\\"DEFAULT\\\"\",\"status\":404}"
}
2016 12 20 18:28:45.762		start... = transCodeTemplate, userToken = bd5c23e46ed7e288c30a7a8e1670a46e ,_system = JOVE
2016 12 20 18:28:45.762		url = http://172.16.168.205:9023/CMApi/api/basic/config/getsysparam?usertoken=bd5c23e46ed7e288c30a7a8e1670a46e,upload data = {"system":"JOVE","tool":"DEFAULT","paramname":"transCodeTemplate"}
2016 12 20 18:28:45.848		return data = {
  "code": "1",
  "msg": "hiveerror: not found 404,result：{\"code\":\"SYSTEM_ERROR_KEY_DOESNT_EXISTS\",\"message\":\"Parameter \\\"transCodeTemplate\\\" does not exists in application \\\"DEFAULT\\\"\",\"status\":404}"
}
2016 12 20 18:29:23.104		start... = transCodeTemplate, userToken = bd5c23e46ed7e288c30a7a8e1670a46e ,_system = JOVE
2016 12 20 18:29:23.109		url = http://172.16.168.205:9023/CMApi/api/basic/config/getsysparam?usertoken=bd5c23e46ed7e288c30a7a8e1670a46e,upload data = {"system":"JOVE","tool":"DEFAULT","paramname":"transCodeTemplate"}
2016 12 20 18:29:23.171		return data = {
  "code": "1",
  "msg": "hiveerror: not found 404,result：{\"code\":\"SYSTEM_ERROR_KEY_DOESNT_EXISTS\",\"message\":\"Parameter \\\"transCodeTemplate\\\" does not exists in application \\\"DEFAULT\\\"\",\"status\":404}"
}
