2016 12 16 15:56:22.290		<?xml version="1.0" encoding="UTF-8"?>
<config>
	<NEBULA_VIP showname="Hive集群虚拟IP">172.16.168.205</NEBULA_VIP>
	<LOCAL_IP showname="本机IP">172.16.173.16</LOCAL_IP>
	<LOCAL_HOSTNAME showname="本机名">hivenode1</LOCAL_HOSTNAME>
	<DOMAIN_NAME showname="Hive域名">hive.sobey.com</DOMAIN_NAME>
	<HIVE_NODES showname="Hive集群列表">hivenode1;hivenode2;hivenode3</HIVE_NODES>
	<AKSERVER_IP showname="AK服务器地址">172.16.128.136</AKSERVER_IP>
	<ACTOR_NODES showname="后台执行器节点">172.16.173.16;172.16.134.238;172.16.134.248</ACTOR_NODES>
  <PREVIEWPORT>86</PREVIEWPORT>
  <NEBULAPORT>88</NEBULAPORT>
  <CMAPIPORT>9023</CMAPIPORT>
  <CMWEBPORT>9021</CMWEBPORT>
  <JOVEPORT>9027</JOVEPORT>
  <CMSERVERWINPORT>9037</CMSERVERWINPORT>
  <PLAYOUTPORT>9035</PLAYOUTPORT>
</config>

2016 12 16 15:56:25.358		start... = SocketServer, userToken = bd5c23e46ed7e288c30a7a8e1670a46e ,_system = WEBCM
2016 12 16 15:56:25.367		url = http://172.16.168.205:9023/CMApi/api/basic/config/getsysparam?usertoken=bd5c23e46ed7e288c30a7a8e1670a46e,upload data = {"system":"WEBCM","tool":"DEFAULT","paramname":"SocketServer"}
2016 12 16 15:56:25.582		return data = {
  "code": "0",
  "ext": {
    "paramname": "SocketServer",
    "paramvalue": "ws://172.16.172.11:3130",
    "paramdescription": "CMServer-windows ip address"
  }
}
2016 12 16 15:56:25.762		start... = InstalledFontCollection, userToken = bd5c23e46ed7e288c30a7a8e1670a46e ,_system = JOVE
2016 12 16 15:56:25.762		url = http://172.16.168.205:9023/CMApi/api/basic/config/getsysparam?usertoken=bd5c23e46ed7e288c30a7a8e1670a46e,upload data = {"system":"JOVE","tool":"DEFAULT","paramname":"InstalledFontCollection"}
2016 12 16 15:56:25.826		return data = {
  "code": "0",
  "ext": {
    "paramname": "InstalledFontCollection",
    "paramvalue": "Aharoni;Andalus;Angsana New;AngsanaUPC;Aparajita;Arabic Typesetting;Arial;Arial Black;Batang;BatangChe;Browallia New;BrowalliaUPC;Calibri;Cambria;Cambria Math;Candara;Comic Sans MS;Consolas;Constantia;Corbel;Cordia New;CordiaUPC;Courier New;DaunPenh;David;DFKai-SB;DilleniaUPC;DokChampa;Dotum;DotumChe;Ebrima;Estrangelo Edessa;EucrosiaUPC;Euphemia;FangSong;Franklin Gothic Medium;FrankRuehl;FreesiaUPC;Gabriola;Gautami;Georgia;Gisha;Gulim;GulimChe;Gungsuh;GungsuhChe;Impact;IrisUPC;Iskoola Pota;JasmineUPC;KaiTi;Kalinga;Kartika;Khmer UI;KodchiangUPC;Kokila;Lao UI;Latha;Leelawadee;Levenim MT;LilyUPC;Lucida Console;Lucida Sans Unicode;Malgun Gothic;Mangal;Marlett;Meiryo;Meiryo UI;Microsoft Himalaya;Microsoft JhengHei;Microsoft New Tai Lue;Microsoft PhagsPa;Microsoft Sans Serif;Microsoft Tai Le;Microsoft Uighur;Microsoft YaHei;Microsoft Yi Baiti;MingLiU;MingLiU-ExtB;MingLiU_HKSCS;MingLiU_HKSCS-ExtB;Miriam;Miriam Fixed;Mongolian Baiti;MoolBoran;MS Gothic;MS Mincho;MS PGothic;MS PMincho;MS UI Gothic;MV Boli;Narkisim;NSimSun;Nyala;Palatino Linotype;Plantagenet Cherokee;PMingLiU;PMingLiU-ExtB;Raavi;Rod;Sakkal Majalla;Segoe Print;Segoe Script;Segoe UI;Segoe UI Light;Segoe UI Semibold;Segoe UI Symbol;Shonar Bangla;Shruti;SimHei;Simplified Arabic;Simplified Arabic Fixed;SimSun;SimSun-ExtB;Sylfaen;Symbol;Tahoma;Times New Roman;Traditional Arabic;Trebuchet MS;Tunga;Utsaah;Vani;Verdana;Vijaya;Vrinda;Webdings;Wingdings;Yle Bd;Yle Bl;Yle Condensed Bd;Yle Condensed Bl;Yle Condensed Li;Yle Condensed Md;Yle Condensed Rg;Yle Condensed Th;Yle Li;Yle Md;Yle Rg;Yle Th",
    "paramdescription": "System Installed Font Collection"
  }
}
2016 12 16 15:56:26.142		start... = ET_LANGUAGE, userToken = bd5c23e46ed7e288c30a7a8e1670a46e ,_system = MATERIALLIST
2016 12 16 15:56:26.144		url = http://172.16.168.205:9023/CMApi/api/basic/config/getsysparam?usertoken=bd5c23e46ed7e288c30a7a8e1670a46e,upload data = {"system":"MATERIALLIST","tool":"DEFAULT","paramname":"ET_LANGUAGE"}
2016 12 16 15:56:26.206		return data = {
  "code": "0",
  "ext": {
    "paramname": "ET_LANGUAGE",
    "paramvalue": "en",
    "paramdescription": ""
  }
}
2016 12 16 15:56:26.564		start... = transCodeTemplate, userToken = bd5c23e46ed7e288c30a7a8e1670a46e ,_system = JOVE
2016 12 16 15:56:26.565		url = http://172.16.168.205:9023/CMApi/api/basic/config/getsysparam?usertoken=bd5c23e46ed7e288c30a7a8e1670a46e,upload data = {"system":"JOVE","tool":"DEFAULT","paramname":"transCodeTemplate"}
2016 12 16 15:56:26.622		return data = {
  "code": "1",
  "msg": "hiveerror: not found 404,result：{\"code\":\"SYSTEM_ERROR_KEY_DOESNT_EXISTS\",\"message\":\"Parameter \\\"transCodeTemplate\\\" does not exists in application \\\"DEFAULT\\\"\",\"status\":404}"
}
2016 12 16 16:00:23.595		start... = transCodeTemplate, userToken = bd5c23e46ed7e288c30a7a8e1670a46e ,_system = JOVE
2016 12 16 16:00:23.596		url = http://172.16.168.205:9023/CMApi/api/basic/config/getsysparam?usertoken=bd5c23e46ed7e288c30a7a8e1670a46e,upload data = {"system":"JOVE","tool":"DEFAULT","paramname":"transCodeTemplate"}
2016 12 16 16:00:23.677		return data = {
  "code": "1",
  "msg": "hiveerror: not found 404,result：{\"code\":\"SYSTEM_ERROR_KEY_DOESNT_EXISTS\",\"message\":\"Parameter \\\"transCodeTemplate\\\" does not exists in application \\\"DEFAULT\\\"\",\"status\":404}"
}
2016 12 16 16:01:35.163		start... = transCodeTemplate, userToken = bd5c23e46ed7e288c30a7a8e1670a46e ,_system = JOVE
2016 12 16 16:01:35.164		url = http://172.16.168.205:9023/CMApi/api/basic/config/getsysparam?usertoken=bd5c23e46ed7e288c30a7a8e1670a46e,upload data = {"system":"JOVE","tool":"DEFAULT","paramname":"transCodeTemplate"}
2016 12 16 16:01:35.224		return data = {
  "code": "1",
  "msg": "hiveerror: not found 404,result：{\"code\":\"SYSTEM_ERROR_KEY_DOESNT_EXISTS\",\"message\":\"Parameter \\\"transCodeTemplate\\\" does not exists in application \\\"DEFAULT\\\"\",\"status\":404}"
}
2016 12 16 16:03:22.956		start... = transCodeTemplate, userToken = bd5c23e46ed7e288c30a7a8e1670a46e ,_system = JOVE
2016 12 16 16:03:22.958		url = http://172.16.168.205:9023/CMApi/api/basic/config/getsysparam?usertoken=bd5c23e46ed7e288c30a7a8e1670a46e,upload data = {"system":"JOVE","tool":"DEFAULT","paramname":"transCodeTemplate"}
2016 12 16 16:03:23.189		return data = {
  "code": "1",
  "msg": "hiveerror: not found 404,result：{\"code\":\"SYSTEM_ERROR_KEY_DOESNT_EXISTS\",\"message\":\"Parameter \\\"transCodeTemplate\\\" does not exists in application \\\"DEFAULT\\\"\",\"status\":404}"
}
2016 12 16 16:04:01.489		start... = transCodeTemplate, userToken = bd5c23e46ed7e288c30a7a8e1670a46e ,_system = JOVE
2016 12 16 16:04:01.493		url = http://172.16.168.205:9023/CMApi/api/basic/config/getsysparam?usertoken=bd5c23e46ed7e288c30a7a8e1670a46e,upload data = {"system":"JOVE","tool":"DEFAULT","paramname":"transCodeTemplate"}
2016 12 16 16:04:01.657		return data = {
  "code": "1",
  "msg": "hiveerror: not found 404,result：{\"code\":\"SYSTEM_ERROR_KEY_DOESNT_EXISTS\",\"message\":\"Parameter \\\"transCodeTemplate\\\" does not exists in application \\\"DEFAULT\\\"\",\"status\":404}"
}
2016 12 16 16:04:25.329		start... = transCodeTemplate, userToken = bd5c23e46ed7e288c30a7a8e1670a46e ,_system = JOVE
2016 12 16 16:04:25.332		url = http://172.16.168.205:9023/CMApi/api/basic/config/getsysparam?usertoken=bd5c23e46ed7e288c30a7a8e1670a46e,upload data = {"system":"JOVE","tool":"DEFAULT","paramname":"transCodeTemplate"}
2016 12 16 16:04:25.418		return data = {
  "code": "1",
  "msg": "hiveerror: not found 404,result：{\"code\":\"SYSTEM_ERROR_KEY_DOESNT_EXISTS\",\"message\":\"Parameter \\\"transCodeTemplate\\\" does not exists in application \\\"DEFAULT\\\"\",\"status\":404}"
}
2016 12 16 16:06:33.422		start... = transCodeTemplate, userToken = bd5c23e46ed7e288c30a7a8e1670a46e ,_system = JOVE
2016 12 16 16:06:33.423		url = http://172.16.168.205:9023/CMApi/api/basic/config/getsysparam?usertoken=bd5c23e46ed7e288c30a7a8e1670a46e,upload data = {"system":"JOVE","tool":"DEFAULT","paramname":"transCodeTemplate"}
2016 12 16 16:06:33.736		return data = {
  "code": "1",
  "msg": "hiveerror: not found 404,result：{\"code\":\"SYSTEM_ERROR_KEY_DOESNT_EXISTS\",\"message\":\"Parameter \\\"transCodeTemplate\\\" does not exists in application \\\"DEFAULT\\\"\",\"status\":404}"
}
2016 12 16 16:09:29.379		start... = transCodeTemplate, userToken = bd5c23e46ed7e288c30a7a8e1670a46e ,_system = JOVE
2016 12 16 16:09:29.380		url = http://172.16.168.205:9023/CMApi/api/basic/config/getsysparam?usertoken=bd5c23e46ed7e288c30a7a8e1670a46e,upload data = {"system":"JOVE","tool":"DEFAULT","paramname":"transCodeTemplate"}
2016 12 16 16:09:30.134		return data = {
  "code": "1",
  "msg": "hiveerror:{\"code\":\"CRITICAL_ERROR\",\"message\":\"Empty response content body.\",\"status\":500}"
}
2016 12 16 16:17:31.006		start... = transCodeTemplate, userToken = bd5c23e46ed7e288c30a7a8e1670a46e ,_system = JOVE
2016 12 16 16:17:31.009		url = http://172.16.168.205:9023/CMApi/api/basic/config/getsysparam?usertoken=bd5c23e46ed7e288c30a7a8e1670a46e,upload data = {"system":"JOVE","tool":"DEFAULT","paramname":"transCodeTemplate"}
2016 12 16 16:17:32.773		return data = {
  "code": "1",
  "msg": "hiveerror: not found 404,result：{\"code\":\"SYSTEM_ERROR_KEY_DOESNT_EXISTS\",\"message\":\"系统“DEFAULT”的参数“transCodeTemplate”不存在\",\"status\":404}"
}
2016 12 16 16:18:07.048		start... = transCodeTemplate, userToken = bd5c23e46ed7e288c30a7a8e1670a46e ,_system = JOVE
2016 12 16 16:18:07.049		url = http://172.16.168.205:9023/CMApi/api/basic/config/getsysparam?usertoken=bd5c23e46ed7e288c30a7a8e1670a46e,upload data = {"system":"JOVE","tool":"DEFAULT","paramname":"transCodeTemplate"}
2016 12 16 16:18:07.335		return data = {
  "code": "1",
  "msg": "hiveerror: not found 404,result：{\"code\":\"SYSTEM_ERROR_KEY_DOESNT_EXISTS\",\"message\":\"Parameter \\\"transCodeTemplate\\\" does not exists in application \\\"DEFAULT\\\"\",\"status\":404}"
}
2016 12 16 16:19:33.127		start... = transCodeTemplate, userToken = bd5c23e46ed7e288c30a7a8e1670a46e ,_system = JOVE
2016 12 16 16:19:33.128		url = http://172.16.168.205:9023/CMApi/api/basic/config/getsysparam?usertoken=bd5c23e46ed7e288c30a7a8e1670a46e,upload data = {"system":"JOVE","tool":"DEFAULT","paramname":"transCodeTemplate"}
2016 12 16 16:19:33.794		return data = {
  "code": "1",
  "msg": "hiveerror: not found 404,result：{\"code\":\"SYSTEM_ERROR_KEY_DOESNT_EXISTS\",\"message\":\"系统“DEFAULT”的参数“transCodeTemplate”不存在\",\"status\":404}"
}
2016 12 16 16:20:38.363		start... = transCodeTemplate, userToken = bd5c23e46ed7e288c30a7a8e1670a46e ,_system = JOVE
2016 12 16 16:20:38.365		url = http://172.16.168.205:9023/CMApi/api/basic/config/getsysparam?usertoken=bd5c23e46ed7e288c30a7a8e1670a46e,upload data = {"system":"JOVE","tool":"DEFAULT","paramname":"transCodeTemplate"}
2016 12 16 16:20:38.769		return data = {
  "code": "1",
  "msg": "hiveerror: not found 404,result：{\"code\":\"SYSTEM_ERROR_KEY_DOESNT_EXISTS\",\"message\":\"Parameter \\\"transCodeTemplate\\\" does not exists in application \\\"DEFAULT\\\"\",\"status\":404}"
}
2016 12 16 16:21:16.991		start... = transCodeTemplate, userToken = bd5c23e46ed7e288c30a7a8e1670a46e ,_system = JOVE
2016 12 16 16:21:16.993		url = http://172.16.168.205:9023/CMApi/api/basic/config/getsysparam?usertoken=bd5c23e46ed7e288c30a7a8e1670a46e,upload data = {"system":"JOVE","tool":"DEFAULT","paramname":"transCodeTemplate"}
2016 12 16 16:21:17.759		return data = {
  "code": "1",
  "msg": "hiveerror: not found 404,result：{\"code\":\"SYSTEM_ERROR_KEY_DOESNT_EXISTS\",\"message\":\"系统“DEFAULT”的参数“transCodeTemplate”不存在\",\"status\":404}"
}
2016 12 16 16:21:40.701		start... = transCodeTemplate, userToken = bd5c23e46ed7e288c30a7a8e1670a46e ,_system = JOVE
2016 12 16 16:21:40.703		url = http://172.16.168.205:9023/CMApi/api/basic/config/getsysparam?usertoken=bd5c23e46ed7e288c30a7a8e1670a46e,upload data = {"system":"JOVE","tool":"DEFAULT","paramname":"transCodeTemplate"}
2016 12 16 16:21:40.974		return data = {
  "code": "1",
  "msg": "hiveerror: not found 404,result：{\"code\":\"SYSTEM_ERROR_KEY_DOESNT_EXISTS\",\"message\":\"Parameter \\\"transCodeTemplate\\\" does not exists in application \\\"DEFAULT\\\"\",\"status\":404}"
}
2016 12 16 16:21:53.860		start... = transCodeTemplate, userToken = bd5c23e46ed7e288c30a7a8e1670a46e ,_system = JOVE
2016 12 16 16:21:53.861		url = http://172.16.168.205:9023/CMApi/api/basic/config/getsysparam?usertoken=bd5c23e46ed7e288c30a7a8e1670a46e,upload data = {"system":"JOVE","tool":"DEFAULT","paramname":"transCodeTemplate"}
2016 12 16 16:21:54.215		return data = {
  "code": "1",
  "msg": "hiveerror: not found 404,result：{\"code\":\"SYSTEM_ERROR_KEY_DOESNT_EXISTS\",\"message\":\"Parameter \\\"transCodeTemplate\\\" does not exists in application \\\"DEFAULT\\\"\",\"status\":404}"
}
2016 12 16 16:35:58.450		start... = transCodeTemplate, userToken = bd5c23e46ed7e288c30a7a8e1670a46e ,_system = JOVE
2016 12 16 16:35:58.451		url = http://172.16.168.205:9023/CMApi/api/basic/config/getsysparam?usertoken=bd5c23e46ed7e288c30a7a8e1670a46e,upload data = {"system":"JOVE","tool":"DEFAULT","paramname":"transCodeTemplate"}
2016 12 16 16:35:58.646		return data = {
  "code": "1",
  "msg": "hiveerror: not found 404,result：{\"code\":\"SYSTEM_ERROR_KEY_DOESNT_EXISTS\",\"message\":\"Parameter \\\"transCodeTemplate\\\" does not exists in application \\\"DEFAULT\\\"\",\"status\":404}"
}
2016 12 16 16:37:50.381		start... = transCodeTemplate, userToken = bd5c23e46ed7e288c30a7a8e1670a46e ,_system = JOVE
2016 12 16 16:37:50.383		url = http://172.16.168.205:9023/CMApi/api/basic/config/getsysparam?usertoken=bd5c23e46ed7e288c30a7a8e1670a46e,upload data = {"system":"JOVE","tool":"DEFAULT","paramname":"transCodeTemplate"}
2016 12 16 16:37:50.890		return data = {
  "code": "1",
  "msg": "hiveerror: not found 404,result：{\"code\":\"SYSTEM_ERROR_KEY_DOESNT_EXISTS\",\"message\":\"Parameter \\\"transCodeTemplate\\\" does not exists in application \\\"DEFAULT\\\"\",\"status\":404}"
}
2016 12 16 16:43:26.676		start... = transCodeTemplate, userToken = bd5c23e46ed7e288c30a7a8e1670a46e ,_system = JOVE
2016 12 16 16:43:26.678		url = http://172.16.168.205:9023/CMApi/api/basic/config/getsysparam?usertoken=bd5c23e46ed7e288c30a7a8e1670a46e,upload data = {"system":"JOVE","tool":"DEFAULT","paramname":"transCodeTemplate"}
2016 12 16 16:43:27.936		return data = {
  "code": "1",
  "msg": "hiveerror: not found 404,result：{\"code\":\"SYSTEM_ERROR_KEY_DOESNT_EXISTS\",\"message\":\"Parameter \\\"transCodeTemplate\\\" does not exists in application \\\"DEFAULT\\\"\",\"status\":404}"
}
2016 12 16 16:45:02.127		start... = transCodeTemplate, userToken = bd5c23e46ed7e288c30a7a8e1670a46e ,_system = JOVE
2016 12 16 16:45:02.131		url = http://172.16.168.205:9023/CMApi/api/basic/config/getsysparam?usertoken=bd5c23e46ed7e288c30a7a8e1670a46e,upload data = {"system":"JOVE","tool":"DEFAULT","paramname":"transCodeTemplate"}
2016 12 16 16:45:02.294		return data = {
  "code": "1",
  "msg": "hiveerror: not found 404,result：{\"code\":\"SYSTEM_ERROR_KEY_DOESNT_EXISTS\",\"message\":\"Parameter \\\"transCodeTemplate\\\" does not exists in application \\\"DEFAULT\\\"\",\"status\":404}"
}
2016 12 16 16:47:20.762		start... = transCodeTemplate, userToken = bd5c23e46ed7e288c30a7a8e1670a46e ,_system = JOVE
2016 12 16 16:47:20.763		url = http://172.16.168.205:9023/CMApi/api/basic/config/getsysparam?usertoken=bd5c23e46ed7e288c30a7a8e1670a46e,upload data = {"system":"JOVE","tool":"DEFAULT","paramname":"transCodeTemplate"}
2016 12 16 16:47:20.920		return data = {
  "code": "1",
  "msg": "hiveerror: not found 404,result：{\"code\":\"SYSTEM_ERROR_KEY_DOESNT_EXISTS\",\"message\":\"Parameter \\\"transCodeTemplate\\\" does not exists in application \\\"DEFAULT\\\"\",\"status\":404}"
}
2016 12 16 16:47:47.747		start... = transCodeTemplate, userToken = bd5c23e46ed7e288c30a7a8e1670a46e ,_system = JOVE
2016 12 16 16:47:47.749		url = http://172.16.168.205:9023/CMApi/api/basic/config/getsysparam?usertoken=bd5c23e46ed7e288c30a7a8e1670a46e,upload data = {"system":"JOVE","tool":"DEFAULT","paramname":"transCodeTemplate"}
2016 12 16 16:47:47.800		return data = {
  "code": "1",
  "msg": "hiveerror: not found 404,result：{\"code\":\"SYSTEM_ERROR_KEY_DOESNT_EXISTS\",\"message\":\"Parameter \\\"transCodeTemplate\\\" does not exists in application \\\"DEFAULT\\\"\",\"status\":404}"
}
2016 12 16 16:48:51.974		start... = transCodeTemplate, userToken = bd5c23e46ed7e288c30a7a8e1670a46e ,_system = JOVE
2016 12 16 16:48:51.975		url = http://172.16.168.205:9023/CMApi/api/basic/config/getsysparam?usertoken=bd5c23e46ed7e288c30a7a8e1670a46e,upload data = {"system":"JOVE","tool":"DEFAULT","paramname":"transCodeTemplate"}
2016 12 16 16:48:52.109		return data = {
  "code": "1",
  "msg": "hiveerror: not found 404,result：{\"code\":\"SYSTEM_ERROR_KEY_DOESNT_EXISTS\",\"message\":\"Parameter \\\"transCodeTemplate\\\" does not exists in application \\\"DEFAULT\\\"\",\"status\":404}"
}
2016 12 16 16:54:59.515		start... = transCodeTemplate, userToken = bd5c23e46ed7e288c30a7a8e1670a46e ,_system = JOVE
2016 12 16 16:54:59.516		url = http://172.16.168.205:9023/CMApi/api/basic/config/getsysparam?usertoken=bd5c23e46ed7e288c30a7a8e1670a46e,upload data = {"system":"JOVE","tool":"DEFAULT","paramname":"transCodeTemplate"}
2016 12 16 16:55:00.573		return data = {
  "code": "1",
  "msg": "hiveerror: not found 404,result：{\"code\":\"SYSTEM_ERROR_KEY_DOESNT_EXISTS\",\"message\":\"Parameter \\\"transCodeTemplate\\\" does not exists in application \\\"DEFAULT\\\"\",\"status\":404}"
}
2016 12 16 16:55:22.051		start... = transCodeTemplate, userToken = bd5c23e46ed7e288c30a7a8e1670a46e ,_system = JOVE
2016 12 16 16:55:22.053		url = http://172.16.168.205:9023/CMApi/api/basic/config/getsysparam?usertoken=bd5c23e46ed7e288c30a7a8e1670a46e,upload data = {"system":"JOVE","tool":"DEFAULT","paramname":"transCodeTemplate"}
2016 12 16 16:55:22.327		return data = {
  "code": "1",
  "msg": "hiveerror: not found 404,result：{\"code\":\"SYSTEM_ERROR_KEY_DOESNT_EXISTS\",\"message\":\"Parameter \\\"transCodeTemplate\\\" does not exists in application \\\"DEFAULT\\\"\",\"status\":404}"
}
2016 12 16 17:12:51.658		start... = transCodeTemplate, userToken = bd5c23e46ed7e288c30a7a8e1670a46e ,_system = JOVE
2016 12 16 17:12:51.659		url = http://172.16.168.205:9023/CMApi/api/basic/config/getsysparam?usertoken=bd5c23e46ed7e288c30a7a8e1670a46e,upload data = {"system":"JOVE","tool":"DEFAULT","paramname":"transCodeTemplate"}
2016 12 16 17:12:52.165		return data = {
  "code": "1",
  "msg": "hiveerror: not found 404,result：{\"code\":\"SYSTEM_ERROR_KEY_DOESNT_EXISTS\",\"message\":\"Parameter \\\"transCodeTemplate\\\" does not exists in application \\\"DEFAULT\\\"\",\"status\":404}"
}
2016 12 16 17:15:34.331		start... = transCodeTemplate, userToken = bd5c23e46ed7e288c30a7a8e1670a46e ,_system = JOVE
2016 12 16 17:15:34.334		url = http://172.16.168.205:9023/CMApi/api/basic/config/getsysparam?usertoken=bd5c23e46ed7e288c30a7a8e1670a46e,upload data = {"system":"JOVE","tool":"DEFAULT","paramname":"transCodeTemplate"}
2016 12 16 17:15:34.589		return data = {
  "code": "1",
  "msg": "hiveerror: not found 404,result：{\"code\":\"SYSTEM_ERROR_KEY_DOESNT_EXISTS\",\"message\":\"系统“DEFAULT”的参数“transCodeTemplate”不存在\",\"status\":404}"
}
2016 12 16 17:17:02.565		start... = transCodeTemplate, userToken = bd5c23e46ed7e288c30a7a8e1670a46e ,_system = JOVE
2016 12 16 17:17:02.566		url = http://172.16.168.205:9023/CMApi/api/basic/config/getsysparam?usertoken=bd5c23e46ed7e288c30a7a8e1670a46e,upload data = {"system":"JOVE","tool":"DEFAULT","paramname":"transCodeTemplate"}
2016 12 16 17:17:03.089		return data = {
  "code": "1",
  "msg": "hiveerror: not found 404,result：{\"code\":\"SYSTEM_ERROR_KEY_DOESNT_EXISTS\",\"message\":\"Parameter \\\"transCodeTemplate\\\" does not exists in application \\\"DEFAULT\\\"\",\"status\":404}"
}
2016 12 16 17:18:02.998		start... = transCodeTemplate, userToken = bd5c23e46ed7e288c30a7a8e1670a46e ,_system = JOVE
2016 12 16 17:18:03.002		url = http://172.16.168.205:9023/CMApi/api/basic/config/getsysparam?usertoken=bd5c23e46ed7e288c30a7a8e1670a46e,upload data = {"system":"JOVE","tool":"DEFAULT","paramname":"transCodeTemplate"}
2016 12 16 17:18:03.081		return data = {
  "code": "1",
  "msg": "hiveerror: not found 404,result：{\"code\":\"SYSTEM_ERROR_KEY_DOESNT_EXISTS\",\"message\":\"系统“DEFAULT”的参数“transCodeTemplate”不存在\",\"status\":404}"
}
2016 12 16 17:21:43.152		start... = transCodeTemplate, userToken = bd5c23e46ed7e288c30a7a8e1670a46e ,_system = JOVE
2016 12 16 17:21:43.155		url = http://172.16.168.205:9023/CMApi/api/basic/config/getsysparam?usertoken=bd5c23e46ed7e288c30a7a8e1670a46e,upload data = {"system":"JOVE","tool":"DEFAULT","paramname":"transCodeTemplate"}
2016 12 16 17:21:43.586		return data = {
  "code": "1",
  "msg": "hiveerror: not found 404,result：{\"code\":\"SYSTEM_ERROR_KEY_DOESNT_EXISTS\",\"message\":\"Parameter \\\"transCodeTemplate\\\" does not exists in application \\\"DEFAULT\\\"\",\"status\":404}"
}
2016 12 16 17:22:37.804		start... = transCodeTemplate, userToken = bd5c23e46ed7e288c30a7a8e1670a46e ,_system = JOVE
2016 12 16 17:22:37.810		url = http://172.16.168.205:9023/CMApi/api/basic/config/getsysparam?usertoken=bd5c23e46ed7e288c30a7a8e1670a46e,upload data = {"system":"JOVE","tool":"DEFAULT","paramname":"transCodeTemplate"}
2016 12 16 17:22:37.876		return data = {
  "code": "1",
  "msg": "hiveerror: not found 404,result：{\"code\":\"SYSTEM_ERROR_KEY_DOESNT_EXISTS\",\"message\":\"Parameter \\\"transCodeTemplate\\\" does not exists in application \\\"DEFAULT\\\"\",\"status\":404}"
}
2016 12 16 17:23:49.778		start... = transCodeTemplate, userToken = bd5c23e46ed7e288c30a7a8e1670a46e ,_system = JOVE
2016 12 16 17:23:49.780		url = http://172.16.168.205:9023/CMApi/api/basic/config/getsysparam?usertoken=bd5c23e46ed7e288c30a7a8e1670a46e,upload data = {"system":"JOVE","tool":"DEFAULT","paramname":"transCodeTemplate"}
2016 12 16 17:23:50.079		return data = {
  "code": "1",
  "msg": "hiveerror: not found 404,result：{\"code\":\"SYSTEM_ERROR_KEY_DOESNT_EXISTS\",\"message\":\"系统“DEFAULT”的参数“transCodeTemplate”不存在\",\"status\":404}"
}
2016 12 16 17:25:48.563		start... = transCodeTemplate, userToken = bd5c23e46ed7e288c30a7a8e1670a46e ,_system = JOVE
2016 12 16 17:25:48.566		url = http://172.16.168.205:9023/CMApi/api/basic/config/getsysparam?usertoken=bd5c23e46ed7e288c30a7a8e1670a46e,upload data = {"system":"JOVE","tool":"DEFAULT","paramname":"transCodeTemplate"}
2016 12 16 17:25:49.117		return data = {
  "code": "1",
  "msg": "hiveerror: not found 404,result：{\"code\":\"SYSTEM_ERROR_KEY_DOESNT_EXISTS\",\"message\":\"系统“DEFAULT”的参数“transCodeTemplate”不存在\",\"status\":404}"
}
2016 12 16 17:59:42.670		start... = transCodeTemplate, userToken = bd5c23e46ed7e288c30a7a8e1670a46e ,_system = JOVE
2016 12 16 17:59:42.673		url = http://172.16.168.205:9023/CMApi/api/basic/config/getsysparam?usertoken=bd5c23e46ed7e288c30a7a8e1670a46e,upload data = {"system":"JOVE","tool":"DEFAULT","paramname":"transCodeTemplate"}
2016 12 16 17:59:43.631		return data = {
  "code": "1",
  "msg": "hiveerror: not found 404,result：{\"code\":\"SYSTEM_ERROR_KEY_DOESNT_EXISTS\",\"message\":\"Parameter \\\"transCodeTemplate\\\" does not exists in application \\\"DEFAULT\\\"\",\"status\":404}"
}
2016 12 16 18:01:33.477		start... = transCodeTemplate, userToken = bd5c23e46ed7e288c30a7a8e1670a46e ,_system = JOVE
2016 12 16 18:01:33.479		url = http://172.16.168.205:9023/CMApi/api/basic/config/getsysparam?usertoken=bd5c23e46ed7e288c30a7a8e1670a46e,upload data = {"system":"JOVE","tool":"DEFAULT","paramname":"transCodeTemplate"}
2016 12 16 18:01:33.656		return data = {
  "code": "1",
  "msg": "hiveerror: not found 404,result：{\"code\":\"SYSTEM_ERROR_KEY_DOESNT_EXISTS\",\"message\":\"Parameter \\\"transCodeTemplate\\\" does not exists in application \\\"DEFAULT\\\"\",\"status\":404}"
}
2016 12 16 18:02:06.415		start... = transCodeTemplate, userToken = bd5c23e46ed7e288c30a7a8e1670a46e ,_system = JOVE
2016 12 16 18:02:06.417		url = http://172.16.168.205:9023/CMApi/api/basic/config/getsysparam?usertoken=bd5c23e46ed7e288c30a7a8e1670a46e,upload data = {"system":"JOVE","tool":"DEFAULT","paramname":"transCodeTemplate"}
2016 12 16 18:02:06.579		return data = {
  "code": "1",
  "msg": "hiveerror: not found 404,result：{\"code\":\"SYSTEM_ERROR_KEY_DOESNT_EXISTS\",\"message\":\"Parameter \\\"transCodeTemplate\\\" does not exists in application \\\"DEFAULT\\\"\",\"status\":404}"
}
2016 12 16 18:03:04.730		start... = transCodeTemplate, userToken = bd5c23e46ed7e288c30a7a8e1670a46e ,_system = JOVE
2016 12 16 18:03:04.807		url = http://172.16.168.205:9023/CMApi/api/basic/config/getsysparam?usertoken=bd5c23e46ed7e288c30a7a8e1670a46e,upload data = {"system":"JOVE","tool":"DEFAULT","paramname":"transCodeTemplate"}
2016 12 16 18:03:05.597		return data = {
  "code": "1",
  "msg": "hiveerror: not found 404,result：{\"code\":\"SYSTEM_ERROR_KEY_DOESNT_EXISTS\",\"message\":\"Parameter \\\"transCodeTemplate\\\" does not exists in application \\\"DEFAULT\\\"\",\"status\":404}"
}
2016 12 16 18:03:28.670		start... = transCodeTemplate, userToken = bd5c23e46ed7e288c30a7a8e1670a46e ,_system = JOVE
2016 12 16 18:03:28.672		url = http://172.16.168.205:9023/CMApi/api/basic/config/getsysparam?usertoken=bd5c23e46ed7e288c30a7a8e1670a46e,upload data = {"system":"JOVE","tool":"DEFAULT","paramname":"transCodeTemplate"}
2016 12 16 18:03:29.079		return data = {
  "code": "1",
  "msg": "hiveerror: not found 404,result：{\"code\":\"SYSTEM_ERROR_KEY_DOESNT_EXISTS\",\"message\":\"Parameter \\\"transCodeTemplate\\\" does not exists in application \\\"DEFAULT\\\"\",\"status\":404}"
}
2016 12 16 18:04:49.943		start... = transCodeTemplate, userToken = bd5c23e46ed7e288c30a7a8e1670a46e ,_system = JOVE
2016 12 16 18:04:49.945		url = http://172.16.168.205:9023/CMApi/api/basic/config/getsysparam?usertoken=bd5c23e46ed7e288c30a7a8e1670a46e,upload data = {"system":"JOVE","tool":"DEFAULT","paramname":"transCodeTemplate"}
2016 12 16 18:04:50.579		return data = {
  "code": "1",
  "msg": "hiveerror: not found 404,result：{\"code\":\"SYSTEM_ERROR_KEY_DOESNT_EXISTS\",\"message\":\"Parameter \\\"transCodeTemplate\\\" does not exists in application \\\"DEFAULT\\\"\",\"status\":404}"
}
2016 12 16 18:05:33.977		start... = transCodeTemplate, userToken = bd5c23e46ed7e288c30a7a8e1670a46e ,_system = JOVE
2016 12 16 18:05:33.978		url = http://172.16.168.205:9023/CMApi/api/basic/config/getsysparam?usertoken=bd5c23e46ed7e288c30a7a8e1670a46e,upload data = {"system":"JOVE","tool":"DEFAULT","paramname":"transCodeTemplate"}
2016 12 16 18:05:34.044		return data = {
  "code": "1",
  "msg": "hiveerror: not found 404,result：{\"code\":\"SYSTEM_ERROR_KEY_DOESNT_EXISTS\",\"message\":\"Parameter \\\"transCodeTemplate\\\" does not exists in application \\\"DEFAULT\\\"\",\"status\":404}"
}
2016 12 16 18:11:42.449		start... = transCodeTemplate, userToken = bd5c23e46ed7e288c30a7a8e1670a46e ,_system = JOVE
2016 12 16 18:11:42.450		url = http://172.16.168.205:9023/CMApi/api/basic/config/getsysparam?usertoken=bd5c23e46ed7e288c30a7a8e1670a46e,upload data = {"system":"JOVE","tool":"DEFAULT","paramname":"transCodeTemplate"}
2016 12 16 18:11:43.538		return data = {
  "code": "1",
  "msg": "hiveerror: not found 404,result：{\"code\":\"SYSTEM_ERROR_KEY_DOESNT_EXISTS\",\"message\":\"系统“DEFAULT”的参数“transCodeTemplate”不存在\",\"status\":404}"
}
2016 12 16 18:13:20.940		start... = transCodeTemplate, userToken = bd5c23e46ed7e288c30a7a8e1670a46e ,_system = JOVE
2016 12 16 18:13:20.942		url = http://172.16.168.205:9023/CMApi/api/basic/config/getsysparam?usertoken=bd5c23e46ed7e288c30a7a8e1670a46e,upload data = {"system":"JOVE","tool":"DEFAULT","paramname":"transCodeTemplate"}
2016 12 16 18:13:21.068		return data = {
  "code": "1",
  "msg": "hiveerror: not found 404,result：{\"code\":\"SYSTEM_ERROR_KEY_DOESNT_EXISTS\",\"message\":\"Parameter \\\"transCodeTemplate\\\" does not exists in application \\\"DEFAULT\\\"\",\"status\":404}"
}
2016 12 16 18:14:19.578		start... = transCodeTemplate, userToken = bd5c23e46ed7e288c30a7a8e1670a46e ,_system = JOVE
2016 12 16 18:14:19.581		url = http://172.16.168.205:9023/CMApi/api/basic/config/getsysparam?usertoken=bd5c23e46ed7e288c30a7a8e1670a46e,upload data = {"system":"JOVE","tool":"DEFAULT","paramname":"transCodeTemplate"}
2016 12 16 18:14:19.730		return data = {
  "code": "1",
  "msg": "hiveerror: not found 404,result：{\"code\":\"SYSTEM_ERROR_KEY_DOESNT_EXISTS\",\"message\":\"Parameter \\\"transCodeTemplate\\\" does not exists in application \\\"DEFAULT\\\"\",\"status\":404}"
}
2016 12 16 18:14:42.814		start... = transCodeTemplate, userToken = bd5c23e46ed7e288c30a7a8e1670a46e ,_system = JOVE
2016 12 16 18:14:42.815		url = http://172.16.168.205:9023/CMApi/api/basic/config/getsysparam?usertoken=bd5c23e46ed7e288c30a7a8e1670a46e,upload data = {"system":"JOVE","tool":"DEFAULT","paramname":"transCodeTemplate"}
2016 12 16 18:14:43.127		return data = {
  "code": "1",
  "msg": "hiveerror: not found 404,result：{\"code\":\"SYSTEM_ERROR_KEY_DOESNT_EXISTS\",\"message\":\"系统“DEFAULT”的参数“transCodeTemplate”不存在\",\"status\":404}"
}
2016 12 16 18:15:28.767		start... = transCodeTemplate, userToken = bd5c23e46ed7e288c30a7a8e1670a46e ,_system = JOVE
2016 12 16 18:15:28.768		url = http://172.16.168.205:9023/CMApi/api/basic/config/getsysparam?usertoken=bd5c23e46ed7e288c30a7a8e1670a46e,upload data = {"system":"JOVE","tool":"DEFAULT","paramname":"transCodeTemplate"}
2016 12 16 18:15:29.482		return data = {
  "code": "1",
  "msg": "hiveerror: not found 404,result：{\"code\":\"SYSTEM_ERROR_KEY_DOESNT_EXISTS\",\"message\":\"Parameter \\\"transCodeTemplate\\\" does not exists in application \\\"DEFAULT\\\"\",\"status\":404}"
}
2016 12 16 18:16:09.733		start... = transCodeTemplate, userToken = bd5c23e46ed7e288c30a7a8e1670a46e ,_system = JOVE
2016 12 16 18:16:09.734		url = http://172.16.168.205:9023/CMApi/api/basic/config/getsysparam?usertoken=bd5c23e46ed7e288c30a7a8e1670a46e,upload data = {"system":"JOVE","tool":"DEFAULT","paramname":"transCodeTemplate"}
2016 12 16 18:16:10.380		return data = {
  "code": "1",
  "msg": "hiveerror: not found 404,result：{\"code\":\"SYSTEM_ERROR_KEY_DOESNT_EXISTS\",\"message\":\"Parameter \\\"transCodeTemplate\\\" does not exists in application \\\"DEFAULT\\\"\",\"status\":404}"
}
2016 12 16 18:16:23.052		start... = transCodeTemplate, userToken = bd5c23e46ed7e288c30a7a8e1670a46e ,_system = JOVE
2016 12 16 18:16:23.059		url = http://172.16.168.205:9023/CMApi/api/basic/config/getsysparam?usertoken=bd5c23e46ed7e288c30a7a8e1670a46e,upload data = {"system":"JOVE","tool":"DEFAULT","paramname":"transCodeTemplate"}
2016 12 16 18:16:23.378		return data = {
  "code": "1",
  "msg": "hiveerror: not found 404,result：{\"code\":\"SYSTEM_ERROR_KEY_DOESNT_EXISTS\",\"message\":\"系统“DEFAULT”的参数“transCodeTemplate”不存在\",\"status\":404}"
}
2016 12 16 18:19:19.215		start... = transCodeTemplate, userToken = bd5c23e46ed7e288c30a7a8e1670a46e ,_system = JOVE
2016 12 16 18:19:19.218		url = http://172.16.168.205:9023/CMApi/api/basic/config/getsysparam?usertoken=bd5c23e46ed7e288c30a7a8e1670a46e,upload data = {"system":"JOVE","tool":"DEFAULT","paramname":"transCodeTemplate"}
2016 12 16 18:19:20.024		return data = {
  "code": "1",
  "msg": "hiveerror: not found 404,result：{\"code\":\"SYSTEM_ERROR_KEY_DOESNT_EXISTS\",\"message\":\"Parameter \\\"transCodeTemplate\\\" does not exists in application \\\"DEFAULT\\\"\",\"status\":404}"
}
2016 12 16 18:22:41.850		start... = transCodeTemplate, userToken = bd5c23e46ed7e288c30a7a8e1670a46e ,_system = JOVE
2016 12 16 18:22:41.858		url = http://172.16.168.205:9023/CMApi/api/basic/config/getsysparam?usertoken=bd5c23e46ed7e288c30a7a8e1670a46e,upload data = {"system":"JOVE","tool":"DEFAULT","paramname":"transCodeTemplate"}
2016 12 16 18:22:42.312		return data = {
  "code": "1",
  "msg": "hiveerror: not found 404,result：{\"code\":\"SYSTEM_ERROR_KEY_DOESNT_EXISTS\",\"message\":\"Parameter \\\"transCodeTemplate\\\" does not exists in application \\\"DEFAULT\\\"\",\"status\":404}"
}
2016 12 16 18:24:28.005		start... = transCodeTemplate, userToken = bd5c23e46ed7e288c30a7a8e1670a46e ,_system = JOVE
2016 12 16 18:24:28.008		url = http://172.16.168.205:9023/CMApi/api/basic/config/getsysparam?usertoken=bd5c23e46ed7e288c30a7a8e1670a46e,upload data = {"system":"JOVE","tool":"DEFAULT","paramname":"transCodeTemplate"}
2016 12 16 18:24:28.705		return data = {
  "code": "1",
  "msg": "hiveerror: not found 404,result：{\"code\":\"SYSTEM_ERROR_KEY_DOESNT_EXISTS\",\"message\":\"Parameter \\\"transCodeTemplate\\\" does not exists in application \\\"DEFAULT\\\"\",\"status\":404}"
}
2016 12 16 18:26:42.776		start... = transCodeTemplate, userToken = bd5c23e46ed7e288c30a7a8e1670a46e ,_system = JOVE
2016 12 16 18:26:42.777		url = http://172.16.168.205:9023/CMApi/api/basic/config/getsysparam?usertoken=bd5c23e46ed7e288c30a7a8e1670a46e,upload data = {"system":"JOVE","tool":"DEFAULT","paramname":"transCodeTemplate"}
2016 12 16 18:26:43.502		return data = {
  "code": "1",
  "msg": "hiveerror: not found 404,result：{\"code\":\"SYSTEM_ERROR_KEY_DOESNT_EXISTS\",\"message\":\"系统“DEFAULT”的参数“transCodeTemplate”不存在\",\"status\":404}"
}
2016 12 16 18:27:12.506		start... = transCodeTemplate, userToken = bd5c23e46ed7e288c30a7a8e1670a46e ,_system = JOVE
2016 12 16 18:27:12.509		url = http://172.16.168.205:9023/CMApi/api/basic/config/getsysparam?usertoken=bd5c23e46ed7e288c30a7a8e1670a46e,upload data = {"system":"JOVE","tool":"DEFAULT","paramname":"transCodeTemplate"}
2016 12 16 18:27:12.902		return data = {
  "code": "1",
  "msg": "hiveerror: not found 404,result：{\"code\":\"SYSTEM_ERROR_KEY_DOESNT_EXISTS\",\"message\":\"Parameter \\\"transCodeTemplate\\\" does not exists in application \\\"DEFAULT\\\"\",\"status\":404}"
}
2016 12 16 18:28:02.165		start... = transCodeTemplate, userToken = bd5c23e46ed7e288c30a7a8e1670a46e ,_system = JOVE
2016 12 16 18:28:02.176		url = http://172.16.168.205:9023/CMApi/api/basic/config/getsysparam?usertoken=bd5c23e46ed7e288c30a7a8e1670a46e,upload data = {"system":"JOVE","tool":"DEFAULT","paramname":"transCodeTemplate"}
2016 12 16 18:28:02.392		return data = {
  "code": "1",
  "msg": "hiveerror: not found 404,result：{\"code\":\"SYSTEM_ERROR_KEY_DOESNT_EXISTS\",\"message\":\"Parameter \\\"transCodeTemplate\\\" does not exists in application \\\"DEFAULT\\\"\",\"status\":404}"
}
2016 12 16 18:29:06.148		start... = transCodeTemplate, userToken = bd5c23e46ed7e288c30a7a8e1670a46e ,_system = JOVE
2016 12 16 18:29:06.149		url = http://172.16.168.205:9023/CMApi/api/basic/config/getsysparam?usertoken=bd5c23e46ed7e288c30a7a8e1670a46e,upload data = {"system":"JOVE","tool":"DEFAULT","paramname":"transCodeTemplate"}
2016 12 16 18:29:06.554		return data = {
  "code": "1",
  "msg": "hiveerror: not found 404,result：{\"code\":\"SYSTEM_ERROR_KEY_DOESNT_EXISTS\",\"message\":\"Parameter \\\"transCodeTemplate\\\" does not exists in application \\\"DEFAULT\\\"\",\"status\":404}"
}
2016 12 16 18:29:55.836		start... = transCodeTemplate, userToken = bd5c23e46ed7e288c30a7a8e1670a46e ,_system = JOVE
2016 12 16 18:29:55.843		url = http://172.16.168.205:9023/CMApi/api/basic/config/getsysparam?usertoken=bd5c23e46ed7e288c30a7a8e1670a46e,upload data = {"system":"JOVE","tool":"DEFAULT","paramname":"transCodeTemplate"}
2016 12 16 18:29:55.997		return data = {
  "code": "1",
  "msg": "hiveerror: not found 404,result：{\"code\":\"SYSTEM_ERROR_KEY_DOESNT_EXISTS\",\"message\":\"Parameter \\\"transCodeTemplate\\\" does not exists in application \\\"DEFAULT\\\"\",\"status\":404}"
}
2016 12 16 18:30:38.516		start... = transCodeTemplate, userToken = bd5c23e46ed7e288c30a7a8e1670a46e ,_system = JOVE
2016 12 16 18:30:38.521		url = http://172.16.168.205:9023/CMApi/api/basic/config/getsysparam?usertoken=bd5c23e46ed7e288c30a7a8e1670a46e,upload data = {"system":"JOVE","tool":"DEFAULT","paramname":"transCodeTemplate"}
2016 12 16 18:30:39.092		return data = {
  "code": "1",
  "msg": "hiveerror: not found 404,result：{\"code\":\"SYSTEM_ERROR_KEY_DOESNT_EXISTS\",\"message\":\"Parameter \\\"transCodeTemplate\\\" does not exists in application \\\"DEFAULT\\\"\",\"status\":404}"
}
