2016 12 13 14:35:12.707		<?xml version="1.0" encoding="UTF-8"?>
<config>
	<NEBULA_VIP showname="Hive集群虚拟IP">172.16.168.205</NEBULA_VIP>
	<LOCAL_IP showname="本机IP">172.16.173.16</LOCAL_IP>
	<LOCAL_HOSTNAME showname="本机名">hivenode1</LOCAL_HOSTNAME>
	<DOMAIN_NAME showname="Hive域名">hive.sobey.com</DOMAIN_NAME>
	<HIVE_NODES showname="Hive集群列表">hivenode1;hivenode2;hivenode3</HIVE_NODES>
	<AKSERVER_IP showname="AK服务器地址">172.16.128.136</AKSERVER_IP>
	<ACTOR_NODES showname="后台执行器节点">172.16.173.16;172.16.134.238;172.16.134.248</ACTOR_NODES>
  <PREVIEWPORT>86</PREVIEWPORT>
  <NEBULAPORT>88</NEBULAPORT>
  <CMAPIPORT>9023</CMAPIPORT>
  <CMWEBPORT>9021</CMWEBPORT>
  <JOVEPORT>9027</JOVEPORT>
  <CMSERVERWINPORT>9037</CMSERVERWINPORT>
  <PLAYOUTPORT>9035</PLAYOUTPORT>
</config>

2016 12 13 14:35:15.842		start... = SocketServer, userToken = bd5c23e46ed7e288c30a7a8e1670a46e ,_system = WEBCM
2016 12 13 14:35:15.852		url = http://172.16.168.205:9023/CMApi/api/basic/config/getsysparam?usertoken=bd5c23e46ed7e288c30a7a8e1670a46e,upload data = {"system":"WEBCM","tool":"DEFAULT","paramname":"SocketServer"}
2016 12 13 14:35:15.989		return data = {
  "code": "0",
  "ext": {
    "paramname": "SocketServer",
    "paramvalue": "ws://172.16.173.21:3130",
    "paramdescription": "CMServer-windows ip address"
  }
}
2016 12 13 14:35:16.195		start... = InstalledFontCollection, userToken = bd5c23e46ed7e288c30a7a8e1670a46e ,_system = JOVE
2016 12 13 14:35:16.196		url = http://172.16.168.205:9023/CMApi/api/basic/config/getsysparam?usertoken=bd5c23e46ed7e288c30a7a8e1670a46e,upload data = {"system":"JOVE","tool":"DEFAULT","paramname":"InstalledFontCollection"}
2016 12 13 14:35:16.255		return data = {
  "code": "0",
  "ext": {
    "paramname": "InstalledFontCollection",
    "paramvalue": "Aharoni;Andalus;Angsana New;AngsanaUPC;Aparajita;Arabic Typesetting;Arial;Arial Black;Batang;BatangChe;Browallia New;BrowalliaUPC;Calibri;Cambria;Cambria Math;Candara;Comic Sans MS;Consolas;Constantia;Corbel;Cordia New;CordiaUPC;Courier New;DaunPenh;David;DFKai-SB;DilleniaUPC;DokChampa;Dotum;DotumChe;Ebrima;Estrangelo Edessa;EucrosiaUPC;Euphemia;FangSong;Franklin Gothic Medium;FrankRuehl;FreesiaUPC;Gabriola;Gautami;Georgia;Gisha;Gulim;GulimChe;Gungsuh;GungsuhChe;Impact;IrisUPC;Iskoola Pota;JasmineUPC;KaiTi;Kalinga;Kartika;Khmer UI;KodchiangUPC;Kokila;Lao UI;Latha;Leelawadee;Levenim MT;LilyUPC;Lucida Console;Lucida Sans Unicode;Malgun Gothic;Mangal;Marlett;Meiryo;Meiryo UI;Microsoft Himalaya;Microsoft JhengHei;Microsoft New Tai Lue;Microsoft PhagsPa;Microsoft Sans Serif;Microsoft Tai Le;Microsoft Uighur;Microsoft YaHei;Microsoft Yi Baiti;MingLiU;MingLiU-ExtB;MingLiU_HKSCS;MingLiU_HKSCS-ExtB;Miriam;Miriam Fixed;Mongolian Baiti;MoolBoran;MS Gothic;MS Mincho;MS PGothic;MS PMincho;MS UI Gothic;MV Boli;Narkisim;NSimSun;Nyala;Palatino Linotype;Plantagenet Cherokee;PMingLiU;PMingLiU-ExtB;Raavi;Rod;Sakkal Majalla;Segoe Print;Segoe Script;Segoe UI;Segoe UI Light;Segoe UI Semibold;Segoe UI Symbol;Shonar Bangla;Shruti;SimHei;Simplified Arabic;Simplified Arabic Fixed;SimSun;SimSun-ExtB;Sylfaen;Symbol;Tahoma;Times New Roman;Traditional Arabic;Trebuchet MS;Tunga;Utsaah;Vani;Verdana;Vijaya;Vrinda;Webdings;Wingdings;Yle Bd;Yle Bl;Yle Condensed Bd;Yle Condensed Bl;Yle Condensed Li;Yle Condensed Md;Yle Condensed Rg;Yle Condensed Th;Yle Li;Yle Md;Yle Rg;Yle Th",
    "paramdescription": "System Installed Font Collection"
  }
}
2016 12 13 14:35:16.457		start... = ET_LANGUAGE, userToken = bd5c23e46ed7e288c30a7a8e1670a46e ,_system = MATERIALLIST
2016 12 13 14:35:16.458		url = http://172.16.168.205:9023/CMApi/api/basic/config/getsysparam?usertoken=bd5c23e46ed7e288c30a7a8e1670a46e,upload data = {"system":"MATERIALLIST","tool":"DEFAULT","paramname":"ET_LANGUAGE"}
2016 12 13 14:35:16.514		return data = {
  "code": "0",
  "ext": {
    "paramname": "ET_LANGUAGE",
    "paramvalue": "en",
    "paramdescription": ""
  }
}
2016 12 13 14:35:16.713		start... = transCodeTemplate, userToken = bd5c23e46ed7e288c30a7a8e1670a46e ,_system = JOVE
2016 12 13 14:35:16.714		url = http://172.16.168.205:9023/CMApi/api/basic/config/getsysparam?usertoken=bd5c23e46ed7e288c30a7a8e1670a46e,upload data = {"system":"JOVE","tool":"DEFAULT","paramname":"transCodeTemplate"}
2016 12 13 14:35:16.770		return data = {
  "code": "0",
  "ext": {
    "paramname": "transCodeTemplate"
  }
}
2016 12 13 14:59:21.789		start... = transCodeTemplate, userToken = bd5c23e46ed7e288c30a7a8e1670a46e ,_system = JOVE
2016 12 13 14:59:21.793		url = http://172.16.168.205:9023/CMApi/api/basic/config/getsysparam?usertoken=bd5c23e46ed7e288c30a7a8e1670a46e,upload data = {"system":"JOVE","tool":"DEFAULT","paramname":"transCodeTemplate"}
2016 12 13 14:59:22.354		return data = {
  "code": "0",
  "ext": {
    "paramname": "transCodeTemplate"
  }
}
2016 12 13 15:00:29.742		start... = transCodeTemplate, userToken = bd5c23e46ed7e288c30a7a8e1670a46e ,_system = JOVE
2016 12 13 15:00:29.743		url = http://172.16.168.205:9023/CMApi/api/basic/config/getsysparam?usertoken=bd5c23e46ed7e288c30a7a8e1670a46e,upload data = {"system":"JOVE","tool":"DEFAULT","paramname":"transCodeTemplate"}
2016 12 13 15:00:29.787		return data = {
  "code": "0",
  "ext": {
    "paramname": "transCodeTemplate"
  }
}
2016 12 13 15:01:50.452		start... = transCodeTemplate, userToken = bd5c23e46ed7e288c30a7a8e1670a46e ,_system = JOVE
2016 12 13 15:01:50.453		url = http://172.16.168.205:9023/CMApi/api/basic/config/getsysparam?usertoken=bd5c23e46ed7e288c30a7a8e1670a46e,upload data = {"system":"JOVE","tool":"DEFAULT","paramname":"transCodeTemplate"}
2016 12 13 15:01:50.522		return data = {
  "code": "0",
  "ext": {
    "paramname": "transCodeTemplate"
  }
}
2016 12 13 15:02:39.468		start... = transCodeTemplate, userToken = bd5c23e46ed7e288c30a7a8e1670a46e ,_system = JOVE
2016 12 13 15:02:39.471		url = http://172.16.168.205:9023/CMApi/api/basic/config/getsysparam?usertoken=bd5c23e46ed7e288c30a7a8e1670a46e,upload data = {"system":"JOVE","tool":"DEFAULT","paramname":"transCodeTemplate"}
2016 12 13 15:02:39.536		return data = {
  "code": "0",
  "ext": {
    "paramname": "transCodeTemplate"
  }
}
2016 12 13 15:54:12.400		start... = transCodeTemplate, userToken = bd5c23e46ed7e288c30a7a8e1670a46e ,_system = JOVE
2016 12 13 15:54:12.401		url = http://172.16.168.205:9023/CMApi/api/basic/config/getsysparam?usertoken=bd5c23e46ed7e288c30a7a8e1670a46e,upload data = {"system":"JOVE","tool":"DEFAULT","paramname":"transCodeTemplate"}
2016 12 13 15:54:12.472		return data = {
  "code": "0",
  "ext": {
    "paramname": "transCodeTemplate"
  }
}
2016 12 13 15:55:08.161		start... = transCodeTemplate, userToken = bd5c23e46ed7e288c30a7a8e1670a46e ,_system = JOVE
2016 12 13 15:55:08.161		url = http://172.16.168.205:9023/CMApi/api/basic/config/getsysparam?usertoken=bd5c23e46ed7e288c30a7a8e1670a46e,upload data = {"system":"JOVE","tool":"DEFAULT","paramname":"transCodeTemplate"}
2016 12 13 15:55:08.217		return data = {
  "code": "0",
  "ext": {
    "paramname": "transCodeTemplate"
  }
}
2016 12 13 15:55:45.986		start... = transCodeTemplate, userToken = bd5c23e46ed7e288c30a7a8e1670a46e ,_system = JOVE
2016 12 13 15:55:45.987		url = http://172.16.168.205:9023/CMApi/api/basic/config/getsysparam?usertoken=bd5c23e46ed7e288c30a7a8e1670a46e,upload data = {"system":"JOVE","tool":"DEFAULT","paramname":"transCodeTemplate"}
2016 12 13 15:55:46.043		return data = {
  "code": "0",
  "ext": {
    "paramname": "transCodeTemplate"
  }
}
2016 12 13 16:03:20.671		start... = transCodeTemplate, userToken = bd5c23e46ed7e288c30a7a8e1670a46e ,_system = JOVE
2016 12 13 16:03:20.676		url = http://172.16.168.205:9023/CMApi/api/basic/config/getsysparam?usertoken=bd5c23e46ed7e288c30a7a8e1670a46e,upload data = {"system":"JOVE","tool":"DEFAULT","paramname":"transCodeTemplate"}
2016 12 13 16:03:20.998		return data = {
  "code": "0",
  "ext": {
    "paramname": "transCodeTemplate"
  }
}
2016 12 13 16:06:05.569		start... = transCodeTemplate, userToken = bd5c23e46ed7e288c30a7a8e1670a46e ,_system = JOVE
2016 12 13 16:06:05.569		url = http://172.16.168.205:9023/CMApi/api/basic/config/getsysparam?usertoken=bd5c23e46ed7e288c30a7a8e1670a46e,upload data = {"system":"JOVE","tool":"DEFAULT","paramname":"transCodeTemplate"}
2016 12 13 16:06:06.025		return data = {
  "code": "0",
  "ext": {
    "paramname": "transCodeTemplate"
  }
}
2016 12 13 16:06:48.780		start... = transCodeTemplate, userToken = bd5c23e46ed7e288c30a7a8e1670a46e ,_system = JOVE
2016 12 13 16:06:48.782		url = http://172.16.168.205:9023/CMApi/api/basic/config/getsysparam?usertoken=bd5c23e46ed7e288c30a7a8e1670a46e,upload data = {"system":"JOVE","tool":"DEFAULT","paramname":"transCodeTemplate"}
2016 12 13 16:06:48.915		return data = {
  "code": "0",
  "ext": {
    "paramname": "transCodeTemplate"
  }
}
2016 12 13 16:09:34.688		start... = transCodeTemplate, userToken = bd5c23e46ed7e288c30a7a8e1670a46e ,_system = JOVE
2016 12 13 16:09:34.688		url = http://172.16.168.205:9023/CMApi/api/basic/config/getsysparam?usertoken=bd5c23e46ed7e288c30a7a8e1670a46e,upload data = {"system":"JOVE","tool":"DEFAULT","paramname":"transCodeTemplate"}
2016 12 13 16:09:34.868		return data = {
  "code": "0",
  "ext": {
    "paramname": "transCodeTemplate"
  }
}
2016 12 13 16:12:19.935		start... = transCodeTemplate, userToken = bd5c23e46ed7e288c30a7a8e1670a46e ,_system = JOVE
2016 12 13 16:12:19.936		url = http://172.16.168.205:9023/CMApi/api/basic/config/getsysparam?usertoken=bd5c23e46ed7e288c30a7a8e1670a46e,upload data = {"system":"JOVE","tool":"DEFAULT","paramname":"transCodeTemplate"}
2016 12 13 16:12:20.950		return data = {
  "code": "0",
  "ext": {
    "paramname": "transCodeTemplate"
  }
}
2016 12 13 16:15:00.420		start... = transCodeTemplate, userToken = bd5c23e46ed7e288c30a7a8e1670a46e ,_system = JOVE
2016 12 13 16:15:00.420		url = http://172.16.168.205:9023/CMApi/api/basic/config/getsysparam?usertoken=bd5c23e46ed7e288c30a7a8e1670a46e,upload data = {"system":"JOVE","tool":"DEFAULT","paramname":"transCodeTemplate"}
2016 12 13 16:15:00.954		return data = {
  "code": "0",
  "ext": {
    "paramname": "transCodeTemplate"
  }
}
2016 12 13 16:18:14.255		start... = transCodeTemplate, userToken = bd5c23e46ed7e288c30a7a8e1670a46e ,_system = JOVE
2016 12 13 16:18:14.307		url = http://172.16.168.205:9023/CMApi/api/basic/config/getsysparam?usertoken=bd5c23e46ed7e288c30a7a8e1670a46e,upload data = {"system":"JOVE","tool":"DEFAULT","paramname":"transCodeTemplate"}
2016 12 13 16:18:14.604		return data = {
  "code": "0",
  "ext": {
    "paramname": "transCodeTemplate"
  }
}
2016 12 13 16:19:10.834		start... = transCodeTemplate, userToken = bd5c23e46ed7e288c30a7a8e1670a46e ,_system = JOVE
2016 12 13 16:19:10.837		url = http://172.16.168.205:9023/CMApi/api/basic/config/getsysparam?usertoken=bd5c23e46ed7e288c30a7a8e1670a46e,upload data = {"system":"JOVE","tool":"DEFAULT","paramname":"transCodeTemplate"}
2016 12 13 16:19:10.893		return data = {
  "code": "0",
  "ext": {
    "paramname": "transCodeTemplate"
  }
}
2016 12 13 16:21:05.822		start... = transCodeTemplate, userToken = bd5c23e46ed7e288c30a7a8e1670a46e ,_system = JOVE
2016 12 13 16:21:05.824		url = http://172.16.168.205:9023/CMApi/api/basic/config/getsysparam?usertoken=bd5c23e46ed7e288c30a7a8e1670a46e,upload data = {"system":"JOVE","tool":"DEFAULT","paramname":"transCodeTemplate"}
2016 12 13 16:21:05.890		return data = {
  "code": "0",
  "ext": {
    "paramname": "transCodeTemplate"
  }
}
2016 12 13 16:22:28.012		start... = transCodeTemplate, userToken = bd5c23e46ed7e288c30a7a8e1670a46e ,_system = JOVE
2016 12 13 16:22:28.013		url = http://172.16.168.205:9023/CMApi/api/basic/config/getsysparam?usertoken=bd5c23e46ed7e288c30a7a8e1670a46e,upload data = {"system":"JOVE","tool":"DEFAULT","paramname":"transCodeTemplate"}
2016 12 13 16:22:28.190		return data = {
  "code": "0",
  "ext": {
    "paramname": "transCodeTemplate"
  }
}
2016 12 13 16:27:13.271		start... = transCodeTemplate, userToken = bd5c23e46ed7e288c30a7a8e1670a46e ,_system = JOVE
2016 12 13 16:27:13.272		url = http://172.16.168.205:9023/CMApi/api/basic/config/getsysparam?usertoken=bd5c23e46ed7e288c30a7a8e1670a46e,upload data = {"system":"JOVE","tool":"DEFAULT","paramname":"transCodeTemplate"}
2016 12 13 16:27:13.338		return data = {
  "code": "0",
  "ext": {
    "paramname": "transCodeTemplate"
  }
}
2016 12 13 16:43:44.999		start... = transCodeTemplate, userToken = bd5c23e46ed7e288c30a7a8e1670a46e ,_system = JOVE
2016 12 13 16:43:45.019		url = http://172.16.168.205:9023/CMApi/api/basic/config/getsysparam?usertoken=bd5c23e46ed7e288c30a7a8e1670a46e,upload data = {"system":"JOVE","tool":"DEFAULT","paramname":"transCodeTemplate"}
2016 12 13 16:43:45.631		return data = {
  "code": "0",
  "ext": {
    "paramname": "transCodeTemplate"
  }
}
2016 12 13 16:45:54.794		start... = transCodeTemplate, userToken = bd5c23e46ed7e288c30a7a8e1670a46e ,_system = JOVE
2016 12 13 16:45:54.898		url = http://172.16.168.205:9023/CMApi/api/basic/config/getsysparam?usertoken=bd5c23e46ed7e288c30a7a8e1670a46e,upload data = {"system":"JOVE","tool":"DEFAULT","paramname":"transCodeTemplate"}
2016 12 13 16:45:55.291		return data = {
  "code": "0",
  "ext": {
    "paramname": "transCodeTemplate"
  }
}
2016 12 13 16:46:27.464		start... = transCodeTemplate, userToken = bd5c23e46ed7e288c30a7a8e1670a46e ,_system = JOVE
2016 12 13 16:46:27.465		url = http://172.16.168.205:9023/CMApi/api/basic/config/getsysparam?usertoken=bd5c23e46ed7e288c30a7a8e1670a46e,upload data = {"system":"JOVE","tool":"DEFAULT","paramname":"transCodeTemplate"}
2016 12 13 16:46:27.527		return data = {
  "code": "0",
  "ext": {
    "paramname": "transCodeTemplate"
  }
}
2016 12 13 16:46:58.760		start... = transCodeTemplate, userToken = bd5c23e46ed7e288c30a7a8e1670a46e ,_system = JOVE
2016 12 13 16:46:58.761		url = http://172.16.168.205:9023/CMApi/api/basic/config/getsysparam?usertoken=bd5c23e46ed7e288c30a7a8e1670a46e,upload data = {"system":"JOVE","tool":"DEFAULT","paramname":"transCodeTemplate"}
2016 12 13 16:46:58.822		return data = {
  "code": "0",
  "ext": {
    "paramname": "transCodeTemplate"
  }
}
2016 12 13 16:47:21.406		start... = transCodeTemplate, userToken = bd5c23e46ed7e288c30a7a8e1670a46e ,_system = JOVE
2016 12 13 16:47:21.406		url = http://172.16.168.205:9023/CMApi/api/basic/config/getsysparam?usertoken=bd5c23e46ed7e288c30a7a8e1670a46e,upload data = {"system":"JOVE","tool":"DEFAULT","paramname":"transCodeTemplate"}
2016 12 13 16:47:21.552		return data = {
  "code": "0",
  "ext": {
    "paramname": "transCodeTemplate"
  }
}
2016 12 13 16:50:59.058		start... = transCodeTemplate, userToken = bd5c23e46ed7e288c30a7a8e1670a46e ,_system = JOVE
2016 12 13 16:50:59.059		url = http://172.16.168.205:9023/CMApi/api/basic/config/getsysparam?usertoken=bd5c23e46ed7e288c30a7a8e1670a46e,upload data = {"system":"JOVE","tool":"DEFAULT","paramname":"transCodeTemplate"}
2016 12 13 16:50:59.115		return data = {
  "code": "0",
  "ext": {
    "paramname": "transCodeTemplate"
  }
}
2016 12 13 16:53:14.014		start... = transCodeTemplate, userToken = bd5c23e46ed7e288c30a7a8e1670a46e ,_system = JOVE
2016 12 13 16:53:14.015		url = http://172.16.168.205:9023/CMApi/api/basic/config/getsysparam?usertoken=bd5c23e46ed7e288c30a7a8e1670a46e,upload data = {"system":"JOVE","tool":"DEFAULT","paramname":"transCodeTemplate"}
2016 12 13 16:53:14.078		return data = {
  "code": "0",
  "ext": {
    "paramname": "transCodeTemplate"
  }
}
2016 12 13 16:57:03.801		start... = transCodeTemplate, userToken = bd5c23e46ed7e288c30a7a8e1670a46e ,_system = JOVE
2016 12 13 16:57:03.802		url = http://172.16.168.205:9023/CMApi/api/basic/config/getsysparam?usertoken=bd5c23e46ed7e288c30a7a8e1670a46e,upload data = {"system":"JOVE","tool":"DEFAULT","paramname":"transCodeTemplate"}
2016 12 13 16:57:03.894		return data = {
  "code": "0",
  "ext": {
    "paramname": "transCodeTemplate"
  }
}
2016 12 13 17:00:17.535		start... = transCodeTemplate, userToken = bd5c23e46ed7e288c30a7a8e1670a46e ,_system = JOVE
2016 12 13 17:00:17.633		url = http://172.16.168.205:9023/CMApi/api/basic/config/getsysparam?usertoken=bd5c23e46ed7e288c30a7a8e1670a46e,upload data = {"system":"JOVE","tool":"DEFAULT","paramname":"transCodeTemplate"}
2016 12 13 17:00:17.735		return data = {
  "code": "0",
  "ext": {
    "paramname": "transCodeTemplate"
  }
}
2016 12 13 17:00:41.811		start... = transCodeTemplate, userToken = bd5c23e46ed7e288c30a7a8e1670a46e ,_system = JOVE
2016 12 13 17:00:41.813		url = http://172.16.168.205:9023/CMApi/api/basic/config/getsysparam?usertoken=bd5c23e46ed7e288c30a7a8e1670a46e,upload data = {"system":"JOVE","tool":"DEFAULT","paramname":"transCodeTemplate"}
2016 12 13 17:00:41.872		return data = {
  "code": "0",
  "ext": {
    "paramname": "transCodeTemplate"
  }
}
2016 12 13 17:00:54.514		start... = transCodeTemplate, userToken = bd5c23e46ed7e288c30a7a8e1670a46e ,_system = JOVE
2016 12 13 17:00:54.515		url = http://172.16.168.205:9023/CMApi/api/basic/config/getsysparam?usertoken=bd5c23e46ed7e288c30a7a8e1670a46e,upload data = {"system":"JOVE","tool":"DEFAULT","paramname":"transCodeTemplate"}
2016 12 13 17:00:54.565		return data = {
  "code": "0",
  "ext": {
    "paramname": "transCodeTemplate"
  }
}
2016 12 13 17:01:03.928		start... = transCodeTemplate, userToken = bd5c23e46ed7e288c30a7a8e1670a46e ,_system = JOVE
2016 12 13 17:01:03.929		url = http://172.16.168.205:9023/CMApi/api/basic/config/getsysparam?usertoken=bd5c23e46ed7e288c30a7a8e1670a46e,upload data = {"system":"JOVE","tool":"DEFAULT","paramname":"transCodeTemplate"}
2016 12 13 17:01:03.983		return data = {
  "code": "0",
  "ext": {
    "paramname": "transCodeTemplate"
  }
}
2016 12 13 17:01:22.394		start... = transCodeTemplate, userToken = bd5c23e46ed7e288c30a7a8e1670a46e ,_system = JOVE
2016 12 13 17:01:22.394		url = http://172.16.168.205:9023/CMApi/api/basic/config/getsysparam?usertoken=bd5c23e46ed7e288c30a7a8e1670a46e,upload data = {"system":"JOVE","tool":"DEFAULT","paramname":"transCodeTemplate"}
2016 12 13 17:01:22.451		return data = {
  "code": "0",
  "ext": {
    "paramname": "transCodeTemplate"
  }
}
2016 12 13 17:02:02.616		start... = transCodeTemplate, userToken = bd5c23e46ed7e288c30a7a8e1670a46e ,_system = JOVE
2016 12 13 17:02:02.617		url = http://172.16.168.205:9023/CMApi/api/basic/config/getsysparam?usertoken=bd5c23e46ed7e288c30a7a8e1670a46e,upload data = {"system":"JOVE","tool":"DEFAULT","paramname":"transCodeTemplate"}
2016 12 13 17:02:02.679		return data = {
  "code": "0",
  "ext": {
    "paramname": "transCodeTemplate"
  }
}
2016 12 13 17:02:20.352		start... = transCodeTemplate, userToken = bd5c23e46ed7e288c30a7a8e1670a46e ,_system = JOVE
2016 12 13 17:02:20.353		url = http://172.16.168.205:9023/CMApi/api/basic/config/getsysparam?usertoken=bd5c23e46ed7e288c30a7a8e1670a46e,upload data = {"system":"JOVE","tool":"DEFAULT","paramname":"transCodeTemplate"}
2016 12 13 17:02:20.405		return data = {
  "code": "0",
  "ext": {
    "paramname": "transCodeTemplate"
  }
}
2016 12 13 17:03:47.752		start... = transCodeTemplate, userToken = bd5c23e46ed7e288c30a7a8e1670a46e ,_system = JOVE
2016 12 13 17:03:47.754		url = http://172.16.168.205:9023/CMApi/api/basic/config/getsysparam?usertoken=bd5c23e46ed7e288c30a7a8e1670a46e,upload data = {"system":"JOVE","tool":"DEFAULT","paramname":"transCodeTemplate"}
2016 12 13 17:03:47.809		return data = {
  "code": "0",
  "ext": {
    "paramname": "transCodeTemplate"
  }
}
2016 12 13 17:04:18.262		start... = transCodeTemplate, userToken = bd5c23e46ed7e288c30a7a8e1670a46e ,_system = JOVE
2016 12 13 17:04:18.263		url = http://172.16.168.205:9023/CMApi/api/basic/config/getsysparam?usertoken=bd5c23e46ed7e288c30a7a8e1670a46e,upload data = {"system":"JOVE","tool":"DEFAULT","paramname":"transCodeTemplate"}
2016 12 13 17:04:18.365		return data = {
  "code": "0",
  "ext": {
    "paramname": "transCodeTemplate"
  }
}
2016 12 13 17:04:57.907		start... = transCodeTemplate, userToken = bd5c23e46ed7e288c30a7a8e1670a46e ,_system = JOVE
2016 12 13 17:04:57.908		url = http://172.16.168.205:9023/CMApi/api/basic/config/getsysparam?usertoken=bd5c23e46ed7e288c30a7a8e1670a46e,upload data = {"system":"JOVE","tool":"DEFAULT","paramname":"transCodeTemplate"}
2016 12 13 17:04:57.963		return data = {
  "code": "0",
  "ext": {
    "paramname": "transCodeTemplate"
  }
}
2016 12 13 17:05:17.540		start... = transCodeTemplate, userToken = bd5c23e46ed7e288c30a7a8e1670a46e ,_system = JOVE
2016 12 13 17:05:17.590		url = http://172.16.168.205:9023/CMApi/api/basic/config/getsysparam?usertoken=bd5c23e46ed7e288c30a7a8e1670a46e,upload data = {"system":"JOVE","tool":"DEFAULT","paramname":"transCodeTemplate"}
2016 12 13 17:05:17.647		return data = {
  "code": "0",
  "ext": {
    "paramname": "transCodeTemplate"
  }
}
2016 12 13 17:07:20.813		start... = transCodeTemplate, userToken = bd5c23e46ed7e288c30a7a8e1670a46e ,_system = JOVE
2016 12 13 17:07:20.814		url = http://172.16.168.205:9023/CMApi/api/basic/config/getsysparam?usertoken=bd5c23e46ed7e288c30a7a8e1670a46e,upload data = {"system":"JOVE","tool":"DEFAULT","paramname":"transCodeTemplate"}
2016 12 13 17:07:20.903		return data = {
  "code": "0",
  "ext": {
    "paramname": "transCodeTemplate"
  }
}
2016 12 13 17:07:52.952		start... = transCodeTemplate, userToken = bd5c23e46ed7e288c30a7a8e1670a46e ,_system = JOVE
2016 12 13 17:07:52.953		url = http://172.16.168.205:9023/CMApi/api/basic/config/getsysparam?usertoken=bd5c23e46ed7e288c30a7a8e1670a46e,upload data = {"system":"JOVE","tool":"DEFAULT","paramname":"transCodeTemplate"}
2016 12 13 17:07:53.492		return data = {
  "code": "0",
  "ext": {
    "paramname": "transCodeTemplate"
  }
}
2016 12 13 17:11:20.946		start... = transCodeTemplate, userToken = bd5c23e46ed7e288c30a7a8e1670a46e ,_system = JOVE
2016 12 13 17:11:20.947		url = http://172.16.168.205:9023/CMApi/api/basic/config/getsysparam?usertoken=bd5c23e46ed7e288c30a7a8e1670a46e,upload data = {"system":"JOVE","tool":"DEFAULT","paramname":"transCodeTemplate"}
2016 12 13 17:11:21.489		return data = {
  "code": "0",
  "ext": {
    "paramname": "transCodeTemplate"
  }
}
2016 12 13 17:16:12.085		start... = transCodeTemplate, userToken = bd5c23e46ed7e288c30a7a8e1670a46e ,_system = JOVE
2016 12 13 17:16:12.086		url = http://172.16.168.205:9023/CMApi/api/basic/config/getsysparam?usertoken=bd5c23e46ed7e288c30a7a8e1670a46e,upload data = {"system":"JOVE","tool":"DEFAULT","paramname":"transCodeTemplate"}
2016 12 13 17:16:12.223		return data = {
  "code": "0",
  "ext": {
    "paramname": "transCodeTemplate"
  }
}
2016 12 13 17:16:44.627		start... = transCodeTemplate, userToken = bd5c23e46ed7e288c30a7a8e1670a46e ,_system = JOVE
2016 12 13 17:16:44.628		url = http://172.16.168.205:9023/CMApi/api/basic/config/getsysparam?usertoken=bd5c23e46ed7e288c30a7a8e1670a46e,upload data = {"system":"JOVE","tool":"DEFAULT","paramname":"transCodeTemplate"}
2016 12 13 17:16:44.678		return data = {
  "code": "0",
  "ext": {
    "paramname": "transCodeTemplate"
  }
}
2016 12 13 17:47:23.437		start... = transCodeTemplate, userToken = bd5c23e46ed7e288c30a7a8e1670a46e ,_system = JOVE
2016 12 13 17:47:23.440		url = http://172.16.168.205:9023/CMApi/api/basic/config/getsysparam?usertoken=bd5c23e46ed7e288c30a7a8e1670a46e,upload data = {"system":"JOVE","tool":"DEFAULT","paramname":"transCodeTemplate"}
2016 12 13 17:47:23.660		return data = {
  "code": "0",
  "ext": {
    "paramname": "transCodeTemplate"
  }
}
2016 12 13 17:47:58.660		start... = transCodeTemplate, userToken = bd5c23e46ed7e288c30a7a8e1670a46e ,_system = JOVE
2016 12 13 17:47:58.664		url = http://172.16.168.205:9023/CMApi/api/basic/config/getsysparam?usertoken=bd5c23e46ed7e288c30a7a8e1670a46e,upload data = {"system":"JOVE","tool":"DEFAULT","paramname":"transCodeTemplate"}
2016 12 13 17:47:58.751		return data = {
  "code": "0",
  "ext": {
    "paramname": "transCodeTemplate"
  }
}
2016 12 13 17:49:42.355		start... = transCodeTemplate, userToken = bd5c23e46ed7e288c30a7a8e1670a46e ,_system = JOVE
2016 12 13 17:49:42.360		url = http://172.16.168.205:9023/CMApi/api/basic/config/getsysparam?usertoken=bd5c23e46ed7e288c30a7a8e1670a46e,upload data = {"system":"JOVE","tool":"DEFAULT","paramname":"transCodeTemplate"}
2016 12 13 17:49:42.536		return data = {
  "code": "0",
  "ext": {
    "paramname": "transCodeTemplate"
  }
}
2016 12 13 17:50:49.749		start... = transCodeTemplate, userToken = bd5c23e46ed7e288c30a7a8e1670a46e ,_system = JOVE
2016 12 13 17:50:49.749		url = http://172.16.168.205:9023/CMApi/api/basic/config/getsysparam?usertoken=bd5c23e46ed7e288c30a7a8e1670a46e,upload data = {"system":"JOVE","tool":"DEFAULT","paramname":"transCodeTemplate"}
2016 12 13 17:50:49.857		return data = {
  "code": "0",
  "ext": {
    "paramname": "transCodeTemplate"
  }
}
2016 12 13 17:53:36.382		start... = transCodeTemplate, userToken = bd5c23e46ed7e288c30a7a8e1670a46e ,_system = JOVE
2016 12 13 17:53:36.384		url = http://172.16.168.205:9023/CMApi/api/basic/config/getsysparam?usertoken=bd5c23e46ed7e288c30a7a8e1670a46e,upload data = {"system":"JOVE","tool":"DEFAULT","paramname":"transCodeTemplate"}
2016 12 13 17:53:36.689		return data = {
  "code": "0",
  "ext": {
    "paramname": "transCodeTemplate"
  }
}
2016 12 13 17:54:21.296		start... = transCodeTemplate, userToken = bd5c23e46ed7e288c30a7a8e1670a46e ,_system = JOVE
2016 12 13 17:54:21.298		url = http://172.16.168.205:9023/CMApi/api/basic/config/getsysparam?usertoken=bd5c23e46ed7e288c30a7a8e1670a46e,upload data = {"system":"JOVE","tool":"DEFAULT","paramname":"transCodeTemplate"}
2016 12 13 17:54:21.599		return data = {
  "code": "0",
  "ext": {
    "paramname": "transCodeTemplate"
  }
}
2016 12 13 18:00:53.697		start... = transCodeTemplate, userToken = bd5c23e46ed7e288c30a7a8e1670a46e ,_system = JOVE
2016 12 13 18:00:53.699		url = http://172.16.168.205:9023/CMApi/api/basic/config/getsysparam?usertoken=bd5c23e46ed7e288c30a7a8e1670a46e,upload data = {"system":"JOVE","tool":"DEFAULT","paramname":"transCodeTemplate"}
2016 12 13 18:00:53.773		return data = {
  "code": "0",
  "ext": {
    "paramname": "transCodeTemplate"
  }
}
2016 12 13 18:01:45.736		start... = transCodeTemplate, userToken = bd5c23e46ed7e288c30a7a8e1670a46e ,_system = JOVE
2016 12 13 18:01:45.736		url = http://172.16.168.205:9023/CMApi/api/basic/config/getsysparam?usertoken=bd5c23e46ed7e288c30a7a8e1670a46e,upload data = {"system":"JOVE","tool":"DEFAULT","paramname":"transCodeTemplate"}
2016 12 13 18:01:45.803		return data = {
  "code": "0",
  "ext": {
    "paramname": "transCodeTemplate"
  }
}
2016 12 13 18:04:28.705		start... = transCodeTemplate, userToken = bd5c23e46ed7e288c30a7a8e1670a46e ,_system = JOVE
2016 12 13 18:04:28.706		url = http://172.16.168.205:9023/CMApi/api/basic/config/getsysparam?usertoken=bd5c23e46ed7e288c30a7a8e1670a46e,upload data = {"system":"JOVE","tool":"DEFAULT","paramname":"transCodeTemplate"}
2016 12 13 18:04:28.838		return data = {
  "code": "0",
  "ext": {
    "paramname": "transCodeTemplate"
  }
}
2016 12 13 18:09:40.753		start... = transCodeTemplate, userToken = bd5c23e46ed7e288c30a7a8e1670a46e ,_system = JOVE
2016 12 13 18:09:40.754		url = http://172.16.168.205:9023/CMApi/api/basic/config/getsysparam?usertoken=bd5c23e46ed7e288c30a7a8e1670a46e,upload data = {"system":"JOVE","tool":"DEFAULT","paramname":"transCodeTemplate"}
2016 12 13 18:09:40.819		return data = {
  "code": "0",
  "ext": {
    "paramname": "transCodeTemplate"
  }
}
2016 12 13 18:13:21.493		start... = transCodeTemplate, userToken = bd5c23e46ed7e288c30a7a8e1670a46e ,_system = JOVE
2016 12 13 18:13:21.494		url = http://172.16.168.205:9023/CMApi/api/basic/config/getsysparam?usertoken=bd5c23e46ed7e288c30a7a8e1670a46e,upload data = {"system":"JOVE","tool":"DEFAULT","paramname":"transCodeTemplate"}
2016 12 13 18:13:22.046		return data = {
  "code": "0",
  "ext": {
    "paramname": "transCodeTemplate"
  }
}
2016 12 13 18:14:16.762		start... = transCodeTemplate, userToken = bd5c23e46ed7e288c30a7a8e1670a46e ,_system = JOVE
2016 12 13 18:14:16.763		url = http://172.16.168.205:9023/CMApi/api/basic/config/getsysparam?usertoken=bd5c23e46ed7e288c30a7a8e1670a46e,upload data = {"system":"JOVE","tool":"DEFAULT","paramname":"transCodeTemplate"}
2016 12 13 18:14:16.821		return data = {
  "code": "0",
  "ext": {
    "paramname": "transCodeTemplate"
  }
}
2016 12 13 18:17:17.633		start... = transCodeTemplate, userToken = bd5c23e46ed7e288c30a7a8e1670a46e ,_system = JOVE
2016 12 13 18:17:17.634		url = http://172.16.168.205:9023/CMApi/api/basic/config/getsysparam?usertoken=bd5c23e46ed7e288c30a7a8e1670a46e,upload data = {"system":"JOVE","tool":"DEFAULT","paramname":"transCodeTemplate"}
2016 12 13 18:17:18.250		return data = {
  "code": "0",
  "ext": {
    "paramname": "transCodeTemplate"
  }
}
2016 12 13 18:21:47.238		start... = transCodeTemplate, userToken = bd5c23e46ed7e288c30a7a8e1670a46e ,_system = JOVE
2016 12 13 18:21:47.239		url = http://172.16.168.205:9023/CMApi/api/basic/config/getsysparam?usertoken=bd5c23e46ed7e288c30a7a8e1670a46e,upload data = {"system":"JOVE","tool":"DEFAULT","paramname":"transCodeTemplate"}
2016 12 13 18:21:47.711		return data = {
  "code": "0",
  "ext": {
    "paramname": "transCodeTemplate"
  }
}
2016 12 13 18:22:23.814		start... = transCodeTemplate, userToken = bd5c23e46ed7e288c30a7a8e1670a46e ,_system = JOVE
2016 12 13 18:22:23.815		url = http://172.16.168.205:9023/CMApi/api/basic/config/getsysparam?usertoken=bd5c23e46ed7e288c30a7a8e1670a46e,upload data = {"system":"JOVE","tool":"DEFAULT","paramname":"transCodeTemplate"}
2016 12 13 18:22:23.913		return data = {
  "code": "0",
  "ext": {
    "paramname": "transCodeTemplate"
  }
}
